<?xml version="1.0" encoding="UTF-8"?>
<coverage generated="1772744894015" clover="3.2.0">
  <project timestamp="1772744894016" name="All files">
    <metrics statements="553" coveredstatements="460" conditionals="348" coveredconditionals="254" methods="149" coveredmethods="133" elements="1050" coveredelements="847" complexity="0" loc="553" ncloc="553" packages="10" files="33" classes="33"/>
    <package name="src">
      <metrics statements="1" coveredstatements="1" conditionals="0" coveredconditionals="0" methods="1" coveredmethods="1"/>
      <file name="App.tsx" path="/Users/lucasholliday/project-repository-lucasholliday/frontend/src/App.tsx">
        <metrics statements="1" coveredstatements="1" conditionals="0" coveredconditionals="0" methods="1" coveredmethods="1"/>
        <line num="6" count="1" type="stmt"/>
      </file>
    </package>
    <package name="src.api">
      <metrics statements="36" coveredstatements="34" conditionals="28" coveredconditionals="22" methods="5" coveredmethods="5"/>
      <file name="client.ts" path="/Users/lucasholliday/project-repository-lucasholliday/frontend/src/api/client.ts">
        <metrics statements="36" coveredstatements="34" conditionals="28" coveredconditionals="22" methods="5" coveredmethods="5"/>
        <line num="11" count="13" type="stmt"/>
        <line num="12" count="13" type="stmt"/>
        <line num="13" count="13" type="stmt"/>
        <line num="20" count="115" type="stmt"/>
        <line num="24" count="106" type="stmt"/>
        <line num="25" count="106" type="cond" truecount="2" falsecount="0"/>
        <line num="27" count="98" type="stmt"/>
        <line num="29" count="98" type="cond" truecount="2" falsecount="0"/>
        <line num="33" count="106" type="cond" truecount="1" falsecount="1"/>
        <line num="34" count="106" type="stmt"/>
        <line num="38" count="106" type="stmt"/>
        <line num="39" count="106" type="stmt"/>
        <line num="42" count="106" type="stmt"/>
        <line num="43" count="106" type="cond" truecount="2" falsecount="0"/>
        <line num="44" count="87" type="stmt"/>
        <line num="47" count="106" type="stmt"/>
        <line num="48" count="106" type="cond" truecount="4" falsecount="0"/>
        <line num="49" count="9" type="stmt"/>
        <line num="50" count="9" type="stmt"/>
        <line num="53" count="106" type="stmt"/>
        <line num="59" count="106" type="cond" truecount="1" falsecount="1"/>
        <line num="60" count="106" type="stmt"/>
        <line num="62" count="106" type="cond" truecount="2" falsecount="0"/>
        <line num="63" count="105" type="stmt"/>
        <line num="64" count="105" type="cond" truecount="2" falsecount="0"/>
        <line num="65" count="12" type="stmt"/>
        <line num="66" count="12" type="cond" truecount="1" falsecount="2"/>
        <line num="67" count="12" type="cond" truecount="2" falsecount="0"/>
        <line num="68" count="4" type="stmt"/>
        <line num="70" count="12" type="stmt"/>
        <line num="72" count="93" type="stmt"/>
        <line num="75" count="1" type="cond" truecount="1" falsecount="1"/>
        <line num="76" count="1" type="cond" truecount="1" falsecount="1"/>
        <line num="77" count="0" type="stmt"/>
        <line num="79" count="1" type="stmt"/>
        <line num="82" count="0" type="stmt"/>
      </file>
    </package>
    <package name="src.auth">
      <metrics statements="71" coveredstatements="69" conditionals="18" coveredconditionals="13" methods="22" coveredmethods="21"/>
      <file name="AuthContext.tsx" path="/Users/lucasholliday/project-repository-lucasholliday/frontend/src/auth/AuthContext.tsx">
        <metrics statements="29" coveredstatements="29" conditionals="4" coveredconditionals="3" methods="12" coveredmethods="12"/>
        <line num="21" count="16" type="stmt"/>
        <line num="24" count="101" type="stmt"/>
        <line num="25" count="101" type="stmt"/>
        <line num="27" count="101" type="stmt"/>
        <line num="28" count="2" type="stmt"/>
        <line num="31" count="101" type="stmt"/>
        <line num="32" count="3" type="stmt"/>
        <line num="33" count="3" type="stmt"/>
        <line num="36" count="101" type="stmt"/>
        <line num="37" count="8" type="stmt"/>
        <line num="38" count="8" type="stmt"/>
        <line num="39" count="8" type="stmt"/>
        <line num="42" count="101" type="stmt"/>
        <line num="43" count="53" type="stmt"/>
        <line num="45" count="53" type="stmt"/>
        <line num="46" count="53" type="stmt"/>
        <line num="50" count="101" type="stmt"/>
        <line num="51" count="62" type="cond" truecount="2" falsecount="0"/>
        <line num="52" count="17" type="stmt"/>
        <line num="55" count="45" type="stmt"/>
        <line num="56" count="45" type="stmt"/>
        <line num="58" count="44" type="cond" truecount="1" falsecount="1"/>
        <line num="59" count="44" type="stmt"/>
        <line num="61" count="1" type="stmt"/>
        <line num="63" count="45" type="stmt"/>
        <line num="64" count="45" type="stmt"/>
        <line num="68" count="101" type="stmt"/>
        <line num="69" count="101" type="stmt"/>
        <line num="73" count="101" type="stmt"/>
      </file>
      <file name="IdleTimerProvider.tsx" path="/Users/lucasholliday/project-repository-lucasholliday/frontend/src/auth/IdleTimerProvider.tsx">
        <metrics statements="38" coveredstatements="37" conditionals="12" coveredconditionals="9" methods="9" coveredmethods="8"/>
        <line num="7" count="15" type="stmt"/>
        <line num="8" count="15" type="stmt"/>
        <line num="9" count="15" type="stmt"/>
        <line num="22" count="89" type="stmt"/>
        <line num="23" count="89" type="stmt"/>
        <line num="24" count="89" type="stmt"/>
        <line num="25" count="89" type="stmt"/>
        <line num="26" count="89" type="stmt"/>
        <line num="28" count="89" type="stmt"/>
        <line num="29" count="89" type="cond" truecount="1" falsecount="1"/>
        <line num="31" count="89" type="stmt"/>
        <line num="33" count="89" type="stmt"/>
        <line num="34" count="198" type="stmt"/>
        <line num="35" count="198" type="cond" truecount="2" falsecount="0"/>
        <line num="36" count="44" type="stmt"/>
        <line num="37" count="44" type="stmt"/>
        <line num="40" count="89" type="stmt"/>
        <line num="41" count="198" type="cond" truecount="2" falsecount="0"/>
        <line num="42" count="155" type="stmt"/>
        <line num="45" count="198" type="stmt"/>
        <line num="46" count="2" type="cond" truecount="1" falsecount="1"/>
        <line num="47" count="2" type="stmt"/>
        <line num="48" count="2" type="stmt"/>
        <line num="49" count="0" type="stmt"/>
        <line num="51" count="2" type="stmt"/>
        <line num="52" count="2" type="stmt"/>
        <line num="57" count="89" type="stmt"/>
        <line num="58" count="198" type="stmt"/>
        <line num="59" count="198" type="stmt"/>
        <line num="62" count="89" type="stmt"/>
        <line num="63" count="89" type="stmt"/>
        <line num="64" count="445" type="stmt"/>
        <line num="67" count="89" type="stmt"/>
        <line num="68" count="89" type="cond" truecount="1" falsecount="1"/>
        <line num="69" count="89" type="stmt"/>
        <line num="71" count="89" type="stmt"/>
        <line num="72" count="445" type="stmt"/>
        <line num="77" count="89" type="stmt"/>
      </file>
      <file name="useAuth.ts" path="/Users/lucasholliday/project-repository-lucasholliday/frontend/src/auth/useAuth.ts">
        <metrics statements="4" coveredstatements="3" conditionals="2" coveredconditionals="1" methods="1" coveredmethods="1"/>
        <line num="6" count="410" type="stmt"/>
        <line num="7" count="410" type="cond" truecount="1" falsecount="1"/>
        <line num="8" count="0" type="stmt"/>
        <line num="10" count="410" type="stmt"/>
      </file>
    </package>
    <package name="src.components">
      <metrics statements="137" coveredstatements="88" conditionals="92" coveredconditionals="53" methods="24" coveredmethods="19"/>
      <file name="DemoModePanel.tsx" path="/Users/lucasholliday/project-repository-lucasholliday/frontend/src/components/DemoModePanel.tsx">
        <metrics statements="43" coveredstatements="23" conditionals="36" coveredconditionals="22" methods="7" coveredmethods="6"/>
        <line num="8" count="16" type="stmt"/>
        <line num="15" count="44" type="stmt"/>
        <line num="16" count="44" type="cond" truecount="2" falsecount="0"/>
        <line num="18" count="43" type="stmt"/>
        <line num="19" count="43" type="cond" truecount="2" falsecount="0"/>
        <line num="23" count="95" type="stmt"/>
        <line num="24" count="95" type="stmt"/>
        <line num="25" count="95" type="stmt"/>
        <line num="26" count="95" type="stmt"/>
        <line num="28" count="95" type="stmt"/>
        <line num="29" count="95" type="stmt"/>
        <line num="32" count="1" type="stmt"/>
        <line num="33" count="1" type="stmt"/>
        <line num="34" count="1" type="cond" truecount="1" falsecount="1"/>
        <line num="35" count="1" type="stmt"/>
        <line num="37" count="0" type="stmt"/>
        <line num="42" count="1" type="cond" truecount="1" falsecount="1"/>
        <line num="43" count="0" type="stmt"/>
        <line num="44" count="0" type="stmt"/>
        <line num="47" count="1" type="stmt"/>
        <line num="48" count="1" type="stmt"/>
        <line num="49" count="1" type="stmt"/>
        <line num="55" count="1" type="stmt"/>
        <line num="56" count="1" type="stmt"/>
        <line num="58" count="0" type="cond" truecount="0" falsecount="2"/>
        <line num="59" count="0" type="cond" truecount="0" falsecount="2"/>
        <line num="60" count="0" type="stmt"/>
        <line num="62" count="0" type="stmt"/>
        <line num="64" count="1" type="stmt"/>
        <line num="69" count="0" type="cond" truecount="0" falsecount="2"/>
        <line num="70" count="0" type="stmt"/>
        <line num="71" count="0" type="stmt"/>
        <line num="74" count="0" type="stmt"/>
        <line num="75" count="0" type="stmt"/>
        <line num="76" count="0" type="stmt"/>
        <line num="82" count="0" type="stmt"/>
        <line num="83" count="0" type="stmt"/>
        <line num="85" count="0" type="cond" truecount="0" falsecount="2"/>
        <line num="86" count="0" type="cond" truecount="0" falsecount="2"/>
        <line num="87" count="0" type="stmt"/>
        <line num="89" count="0" type="stmt"/>
        <line num="91" count="0" type="stmt"/>
        <line num="95" count="95" type="stmt"/>
      </file>
      <file name="HealthDemo.tsx" path="/Users/lucasholliday/project-repository-lucasholliday/frontend/src/components/HealthDemo.tsx">
        <metrics statements="12" coveredstatements="10" conditionals="4" coveredconditionals="1" methods="6" coveredmethods="5"/>
        <line num="8" count="2" type="stmt"/>
        <line num="10" count="2" type="stmt"/>
        <line num="11" count="1" type="stmt"/>
        <line num="12" count="1" type="stmt"/>
        <line num="13" count="1" type="stmt"/>
        <line num="15" count="1" type="cond" truecount="1" falsecount="1"/>
        <line num="16" count="1" type="stmt"/>
        <line num="20" count="0" type="cond" truecount="0" falsecount="2"/>
        <line num="21" count="0" type="stmt"/>
        <line num="25" count="1" type="stmt"/>
        <line num="26" count="1" type="stmt"/>
        <line num="30" count="2" type="stmt"/>
      </file>
      <file name="SystemStatusCard.tsx" path="/Users/lucasholliday/project-repository-lucasholliday/frontend/src/components/SystemStatusCard.tsx">
        <metrics statements="12" coveredstatements="3" conditionals="8" coveredconditionals="1" methods="2" coveredmethods="1"/>
        <line num="11" count="130" type="stmt"/>
        <line num="12" count="130" type="stmt"/>
        <line num="15" count="0" type="stmt"/>
        <line num="16" count="0" type="stmt"/>
        <line num="17" count="0" type="stmt"/>
        <line num="18" count="0" type="stmt"/>
        <line num="19" count="0" type="cond" truecount="0" falsecount="2"/>
        <line num="20" count="0" type="cond" truecount="0" falsecount="4"/>
        <line num="21" count="0" type="stmt"/>
        <line num="23" count="0" type="stmt"/>
        <line num="25" count="0" type="stmt"/>
        <line num="29" count="130" type="stmt"/>
      </file>
      <file name="TweetCard.tsx" path="/Users/lucasholliday/project-repository-lucasholliday/frontend/src/components/TweetCard.tsx">
        <metrics statements="70" coveredstatements="52" conditionals="44" coveredconditionals="29" methods="9" coveredmethods="7"/>
        <line num="27" count="32" type="stmt"/>
        <line num="28" count="32" type="stmt"/>
        <line num="29" count="32" type="cond" truecount="2" falsecount="0"/>
        <line num="30" count="32" type="stmt"/>
        <line num="31" count="32" type="stmt"/>
        <line num="32" count="32" type="stmt"/>
        <line num="33" count="32" type="stmt"/>
        <line num="34" count="32" type="stmt"/>
        <line num="35" count="32" type="stmt"/>
        <line num="36" count="32" type="stmt"/>
        <line num="37" count="32" type="stmt"/>
        <line num="40" count="3" type="cond" truecount="1" falsecount="1"/>
        <line num="41" count="3" type="stmt"/>
        <line num="42" count="3" type="stmt"/>
        <line num="43" count="3" type="stmt"/>
        <line num="44" count="3" type="cond" truecount="2" falsecount="0"/>
        <line num="45" count="3" type="stmt"/>
        <line num="47" count="3" type="stmt"/>
        <line num="48" count="3" type="cond" truecount="2" falsecount="0"/>
        <line num="49" count="2" type="stmt"/>
        <line num="51" count="1" type="stmt"/>
        <line num="53" count="2" type="cond" truecount="2" falsecount="0"/>
        <line num="55" count="1" type="stmt"/>
        <line num="56" count="1" type="cond" truecount="1" falsecount="1"/>
        <line num="57" count="1" type="stmt"/>
        <line num="58" count="1" type="stmt"/>
        <line num="60" count="3" type="stmt"/>
        <line num="65" count="3" type="cond" truecount="1" falsecount="1"/>
        <line num="66" count="3" type="stmt"/>
        <line num="67" count="3" type="stmt"/>
        <line num="68" count="3" type="stmt"/>
        <line num="69" count="3" type="stmt"/>
        <line num="71" count="3" type="stmt"/>
        <line num="72" count="3" type="cond" truecount="2" falsecount="0"/>
        <line num="73" count="2" type="stmt"/>
        <line num="75" count="1" type="stmt"/>
        <line num="77" count="2" type="cond" truecount="2" falsecount="0"/>
        <line num="79" count="1" type="stmt"/>
        <line num="80" count="1" type="stmt"/>
        <line num="81" count="1" type="stmt"/>
        <line num="83" count="3" type="stmt"/>
        <line num="88" count="1" type="cond" truecount="1" falsecount="1"/>
        <line num="89" count="1" type="stmt"/>
        <line num="90" count="1" type="stmt"/>
        <line num="91" count="1" type="stmt"/>
        <line num="92" count="1" type="stmt"/>
        <line num="93" count="1" type="stmt"/>
        <line num="94" count="1" type="stmt"/>
        <line num="96" count="0" type="cond" truecount="0" falsecount="4"/>
        <line num="97" count="0" type="stmt"/>
        <line num="98" count="0" type="stmt"/>
        <line num="99" count="0" type="stmt"/>
        <line num="101" count="0" type="cond" truecount="0" falsecount="4"/>
        <line num="102" count="0" type="stmt"/>
        <line num="103" count="0" type="stmt"/>
        <line num="104" count="0" type="stmt"/>
        <line num="106" count="0" type="stmt"/>
        <line num="107" count="0" type="stmt"/>
        <line num="109" count="1" type="stmt"/>
        <line num="114" count="0" type="stmt"/>
        <line num="115" count="0" type="stmt"/>
        <line num="116" count="0" type="cond" truecount="0" falsecount="2"/>
        <line num="117" count="0" type="stmt"/>
        <line num="118" count="0" type="stmt"/>
        <line num="119" count="0" type="stmt"/>
        <line num="124" count="0" type="stmt"/>
        <line num="127" count="32" type="cond" truecount="2" falsecount="0"/>
        <line num="129" count="32" type="stmt"/>
        <line num="163" count="1" type="stmt"/>
        <line num="187" count="0" type="stmt"/>
      </file>
    </package>
    <package name="src.layout">
      <metrics statements="19" coveredstatements="16" conditionals="12" coveredconditionals="12" methods="10" coveredmethods="7"/>
      <file name="AppShell.tsx" path="/Users/lucasholliday/project-repository-lucasholliday/frontend/src/layout/AppShell.tsx">
        <metrics statements="19" coveredstatements="16" conditionals="12" coveredconditionals="12" methods="10" coveredmethods="7"/>
        <line num="12" count="91" type="stmt"/>
        <line num="13" count="91" type="stmt"/>
        <line num="14" count="91" type="stmt"/>
        <line num="16" count="91" type="stmt"/>
        <line num="19" count="2" type="stmt"/>
        <line num="20" count="2" type="stmt"/>
        <line num="21" count="2" type="stmt"/>
        <line num="25" count="2" type="stmt"/>
        <line num="26" count="2" type="stmt"/>
        <line num="27" count="2" type="stmt"/>
        <line num="32" count="0" type="stmt"/>
        <line num="35" count="91" type="stmt"/>
        <line num="55" count="91" type="cond" truecount="2" falsecount="0"/>
        <line num="63" count="91" type="cond" truecount="2" falsecount="0"/>
        <line num="71" count="91" type="cond" truecount="2" falsecount="0"/>
        <line num="79" count="91" type="cond" truecount="2" falsecount="0"/>
        <line num="106" count="273" type="stmt"/>
        <line num="110" count="0" type="stmt"/>
        <line num="118" count="0" type="stmt"/>
      </file>
    </package>
    <package name="src.pages">
      <metrics statements="234" coveredstatements="200" conditionals="159" coveredconditionals="121" methods="51" coveredmethods="48"/>
      <file name="DiscoverPage.tsx" path="/Users/lucasholliday/project-repository-lucasholliday/frontend/src/pages/DiscoverPage.tsx">
        <metrics statements="28" coveredstatements="22" conditionals="10" coveredconditionals="7" methods="6" coveredmethods="6"/>
        <line num="12" count="15" type="stmt"/>
        <line num="19" count="13" type="stmt"/>
        <line num="20" count="13" type="stmt"/>
        <line num="21" count="13" type="stmt"/>
        <line num="22" count="13" type="stmt"/>
        <line num="23" count="13" type="stmt"/>
        <line num="24" count="13" type="stmt"/>
        <line num="25" count="52" type="stmt"/>
        <line num="28" count="1" type="stmt"/>
        <line num="29" count="1" type="stmt"/>
        <line num="30" count="1" type="cond" truecount="1" falsecount="1"/>
        <line num="31" count="0" type="stmt"/>
        <line num="32" count="0" type="stmt"/>
        <line num="33" count="0" type="stmt"/>
        <line num="36" count="1" type="stmt"/>
        <line num="37" count="1" type="stmt"/>
        <line num="38" count="1" type="stmt"/>
        <line num="39" count="1" type="stmt"/>
        <line num="40" count="1" type="stmt"/>
        <line num="41" count="1" type="cond" truecount="1" falsecount="1"/>
        <line num="42" count="0" type="stmt"/>
        <line num="45" count="0" type="stmt"/>
        <line num="46" count="0" type="stmt"/>
        <line num="48" count="1" type="stmt"/>
        <line num="52" count="13" type="stmt"/>
        <line num="65" count="4" type="stmt"/>
        <line num="81" count="2" type="stmt"/>
        <line num="96" count="52" type="stmt"/>
      </file>
      <file name="HomeFeedPage.tsx" path="/Users/lucasholliday/project-repository-lucasholliday/frontend/src/pages/HomeFeedPage.tsx">
        <metrics statements="36" coveredstatements="33" conditionals="35" coveredconditionals="30" methods="17" coveredmethods="16"/>
        <line num="10" count="15" type="stmt"/>
        <line num="27" count="25" type="cond" truecount="3" falsecount="1"/>
        <line num="29" count="25" type="stmt"/>
        <line num="31" count="11" type="cond" truecount="2" falsecount="0"/>
        <line num="32" count="11" type="cond" truecount="3" falsecount="1"/>
        <line num="33" count="11" type="cond" truecount="3" falsecount="1"/>
        <line num="35" count="11" type="stmt"/>
        <line num="44" count="11" type="stmt"/>
        <line num="48" count="46" type="stmt"/>
        <line num="49" count="46" type="stmt"/>
        <line num="50" count="46" type="stmt"/>
        <line num="51" count="46" type="stmt"/>
        <line num="54" count="25" type="stmt"/>
        <line num="55" count="25" type="stmt"/>
        <line num="56" count="25" type="stmt"/>
        <line num="57" count="25" type="stmt"/>
        <line num="58" count="25" type="cond" truecount="2" falsecount="0"/>
        <line num="59" count="24" type="stmt"/>
        <line num="61" count="1" type="stmt"/>
        <line num="63" count="25" type="stmt"/>
        <line num="65" count="0" type="cond" truecount="0" falsecount="2"/>
        <line num="66" count="0" type="stmt"/>
        <line num="69" count="25" type="stmt"/>
        <line num="73" count="46" type="stmt"/>
        <line num="74" count="23" type="stmt"/>
        <line num="77" count="46" type="stmt"/>
        <line num="79" count="0" type="stmt"/>
        <line num="81" count="23" type="stmt"/>
        <line num="82" count="23" type="stmt"/>
        <line num="83" count="23" type="stmt"/>
        <line num="87" count="46" type="stmt"/>
        <line num="113" count="1" type="stmt"/>
        <line num="122" count="1" type="stmt"/>
        <line num="132" count="78" type="stmt"/>
        <line num="148" count="14" type="stmt"/>
        <line num="153" count="1" type="stmt"/>
      </file>
      <file name="LoginPage.tsx" path="/Users/lucasholliday/project-repository-lucasholliday/frontend/src/pages/LoginPage.tsx">
        <metrics statements="33" coveredstatements="29" conditionals="12" coveredconditionals="9" methods="4" coveredmethods="4"/>
        <line num="14" count="53" type="stmt"/>
        <line num="15" count="53" type="stmt"/>
        <line num="16" count="53" type="stmt"/>
        <line num="17" count="53" type="stmt"/>
        <line num="18" count="53" type="stmt"/>
        <line num="19" count="53" type="stmt"/>
        <line num="20" count="53" type="stmt"/>
        <line num="23" count="3" type="stmt"/>
        <line num="25" count="3" type="stmt"/>
        <line num="26" count="3" type="stmt"/>
        <line num="27" count="3" type="stmt"/>
        <line num="28" count="3" type="stmt"/>
        <line num="33" count="1" type="cond" truecount="1" falsecount="1"/>
        <line num="34" count="1" type="cond" truecount="1" falsecount="1"/>
        <line num="35" count="0" type="stmt"/>
        <line num="36" count="0" type="stmt"/>
        <line num="39" count="1" type="stmt"/>
        <line num="40" count="1" type="stmt"/>
        <line num="41" count="1" type="stmt"/>
        <line num="42" count="1" type="stmt"/>
        <line num="43" count="1" type="stmt"/>
        <line num="45" count="2" type="cond" truecount="3" falsecount="1"/>
        <line num="46" count="2" type="stmt"/>
        <line num="47" count="2" type="stmt"/>
        <line num="48" count="2" type="stmt"/>
        <line num="50" count="0" type="stmt"/>
        <line num="51" count="0" type="stmt"/>
        <line num="53" count="3" type="stmt"/>
        <line num="57" count="53" type="stmt"/>
        <line num="68" count="16" type="stmt"/>
        <line num="69" count="16" type="stmt"/>
        <line num="78" count="19" type="stmt"/>
        <line num="79" count="19" type="stmt"/>
      </file>
      <file name="MyProfilePage.tsx" path="/Users/lucasholliday/project-repository-lucasholliday/frontend/src/pages/MyProfilePage.tsx">
        <metrics statements="15" coveredstatements="13" conditionals="14" coveredconditionals="13" methods="6" coveredmethods="4"/>
        <line num="18" count="24" type="stmt"/>
        <line num="19" count="24" type="stmt"/>
        <line num="20" count="24" type="stmt"/>
        <line num="21" count="24" type="stmt"/>
        <line num="23" count="24" type="stmt"/>
        <line num="24" count="10" type="cond" truecount="2" falsecount="0"/>
        <line num="25" count="10" type="cond" truecount="2" falsecount="0"/>
        <line num="26" count="10" type="cond" truecount="2" falsecount="0"/>
        <line num="30" count="1" type="stmt"/>
        <line num="32" count="1" type="stmt"/>
        <line num="41" count="1" type="stmt"/>
        <line num="44" count="24" type="stmt"/>
        <line num="65" count="0" type="stmt"/>
        <line num="67" count="12" type="stmt"/>
        <line num="73" count="0" type="stmt"/>
      </file>
      <file name="NotFoundPage.tsx" path="/Users/lucasholliday/project-repository-lucasholliday/frontend/src/pages/NotFoundPage.tsx">
        <metrics statements="1" coveredstatements="1" conditionals="0" coveredconditionals="0" methods="1" coveredmethods="1"/>
        <line num="5" count="1" type="stmt"/>
      </file>
      <file name="PostReplyPage.tsx" path="/Users/lucasholliday/project-repository-lucasholliday/frontend/src/pages/PostReplyPage.tsx">
        <metrics statements="12" coveredstatements="12" conditionals="7" coveredconditionals="4" methods="3" coveredmethods="3"/>
        <line num="9" count="15" type="stmt"/>
        <line num="12" count="19" type="stmt"/>
        <line num="13" count="19" type="cond" truecount="0" falsecount="1"/>
        <line num="14" count="19" type="stmt"/>
        <line num="15" count="19" type="stmt"/>
        <line num="16" count="19" type="cond" truecount="2" falsecount="0"/>
        <line num="19" count="1" type="stmt"/>
        <line num="20" count="1" type="cond" truecount="1" falsecount="1"/>
        <line num="22" count="1" type="stmt"/>
        <line num="28" count="1" type="stmt"/>
        <line num="31" count="19" type="stmt"/>
        <line num="47" count="16" type="stmt"/>
      </file>
      <file name="PostTweetPage.tsx" path="/Users/lucasholliday/project-repository-lucasholliday/frontend/src/pages/PostTweetPage.tsx">
        <metrics statements="26" coveredstatements="24" conditionals="20" coveredconditionals="16" methods="4" coveredmethods="4"/>
        <line num="10" count="15" type="stmt"/>
        <line num="13" count="514" type="stmt"/>
        <line num="14" count="514" type="stmt"/>
        <line num="15" count="514" type="stmt"/>
        <line num="16" count="514" type="stmt"/>
        <line num="17" count="514" type="stmt"/>
        <line num="19" count="514" type="stmt"/>
        <line num="20" count="514" type="cond" truecount="2" falsecount="0"/>
        <line num="23" count="2" type="stmt"/>
        <line num="24" count="2" type="cond" truecount="1" falsecount="1"/>
        <line num="26" count="2" type="stmt"/>
        <line num="27" count="2" type="stmt"/>
        <line num="28" count="2" type="stmt"/>
        <line num="29" count="2" type="stmt"/>
        <line num="33" count="1" type="stmt"/>
        <line num="34" count="1" type="stmt"/>
        <line num="36" count="1" type="cond" truecount="3" falsecount="1"/>
        <line num="37" count="1" type="cond" truecount="1" falsecount="1"/>
        <line num="38" count="1" type="cond" truecount="1" falsecount="1"/>
        <line num="39" count="1" type="stmt"/>
        <line num="41" count="0" type="stmt"/>
        <line num="42" count="0" type="stmt"/>
        <line num="44" count="2" type="stmt"/>
        <line num="48" count="514" type="stmt"/>
        <line num="62" count="503" type="stmt"/>
        <line num="63" count="503" type="stmt"/>
      </file>
      <file name="RegisterPage.tsx" path="/Users/lucasholliday/project-repository-lucasholliday/frontend/src/pages/RegisterPage.tsx">
        <metrics statements="29" coveredstatements="27" conditionals="10" coveredconditionals="9" methods="5" coveredmethods="5"/>
        <line num="13" count="79" type="stmt"/>
        <line num="14" count="79" type="stmt"/>
        <line num="15" count="79" type="stmt"/>
        <line num="16" count="79" type="stmt"/>
        <line num="17" count="79" type="stmt"/>
        <line num="18" count="79" type="stmt"/>
        <line num="19" count="79" type="stmt"/>
        <line num="22" count="3" type="stmt"/>
        <line num="24" count="3" type="cond" truecount="2" falsecount="0"/>
        <line num="25" count="1" type="stmt"/>
        <line num="26" count="1" type="stmt"/>
        <line num="27" count="1" type="stmt"/>
        <line num="28" count="1" type="stmt"/>
        <line num="31" count="2" type="stmt"/>
        <line num="32" count="2" type="stmt"/>
        <line num="33" count="2" type="stmt"/>
        <line num="37" count="1" type="stmt"/>
        <line num="38" count="1" type="stmt"/>
        <line num="39" count="1" type="stmt"/>
        <line num="41" count="1" type="cond" truecount="3" falsecount="1"/>
        <line num="42" count="1" type="stmt"/>
        <line num="43" count="1" type="stmt"/>
        <line num="44" count="1" type="stmt"/>
        <line num="46" count="0" type="stmt"/>
        <line num="47" count="0" type="stmt"/>
        <line num="51" count="79" type="stmt"/>
        <line num="61" count="15" type="stmt"/>
        <line num="68" count="27" type="stmt"/>
        <line num="76" count="27" type="stmt"/>
      </file>
      <file name="RepliesPage.tsx" path="/Users/lucasholliday/project-repository-lucasholliday/frontend/src/pages/RepliesPage.tsx">
        <metrics statements="4" coveredstatements="4" conditionals="3" coveredconditionals="2" methods="2" coveredmethods="2"/>
        <line num="10" count="4" type="cond" truecount="0" falsecount="1"/>
        <line num="11" count="4" type="stmt"/>
        <line num="13" count="4" type="stmt"/>
        <line num="30" count="3" type="stmt"/>
      </file>
      <file name="UserProfilePage.tsx" path="/Users/lucasholliday/project-repository-lucasholliday/frontend/src/pages/UserProfilePage.tsx">
        <metrics statements="50" coveredstatements="35" conditionals="48" coveredconditionals="31" methods="3" coveredmethods="3"/>
        <line num="10" count="20" type="stmt"/>
        <line num="11" count="20" type="stmt"/>
        <line num="12" count="20" type="stmt"/>
        <line num="13" count="20" type="stmt"/>
        <line num="14" count="20" type="stmt"/>
        <line num="17" count="3" type="cond" truecount="1" falsecount="1"/>
        <line num="19" count="3" type="stmt"/>
        <line num="20" count="3" type="stmt"/>
        <line num="22" count="3" type="stmt"/>
        <line num="23" count="3" type="cond" truecount="2" falsecount="0"/>
        <line num="24" count="2" type="stmt"/>
        <line num="26" count="1" type="stmt"/>
        <line num="28" count="2" type="stmt"/>
        <line num="29" count="2" type="cond" truecount="2" falsecount="0"/>
        <line num="31" count="1" type="cond" truecount="3" falsecount="1"/>
        <line num="32" count="1" type="stmt"/>
        <line num="33" count="1" type="stmt"/>
        <line num="34" count="1" type="stmt"/>
        <line num="36" count="0" type="cond" truecount="0" falsecount="4"/>
        <line num="37" count="0" type="stmt"/>
        <line num="38" count="0" type="stmt"/>
        <line num="39" count="0" type="stmt"/>
        <line num="41" count="0" type="cond" truecount="0" falsecount="4"/>
        <line num="42" count="0" type="cond" truecount="0" falsecount="2"/>
        <line num="43" count="0" type="cond" truecount="0" falsecount="2"/>
        <line num="44" count="0" type="stmt"/>
        <line num="46" count="0" type="stmt"/>
        <line num="47" count="0" type="stmt"/>
        <line num="52" count="3" type="cond" truecount="1" falsecount="1"/>
        <line num="54" count="3" type="stmt"/>
        <line num="55" count="3" type="stmt"/>
        <line num="57" count="3" type="stmt"/>
        <line num="58" count="3" type="cond" truecount="2" falsecount="0"/>
        <line num="59" count="2" type="stmt"/>
        <line num="61" count="1" type="stmt"/>
        <line num="63" count="2" type="stmt"/>
        <line num="64" count="2" type="cond" truecount="2" falsecount="0"/>
        <line num="65" count="1" type="stmt"/>
        <line num="67" count="2" type="cond" truecount="2" falsecount="0"/>
        <line num="69" count="1" type="cond" truecount="3" falsecount="1"/>
        <line num="70" count="0" type="stmt"/>
        <line num="71" count="0" type="stmt"/>
        <line num="72" count="0" type="stmt"/>
        <line num="74" count="1" type="cond" truecount="3" falsecount="1"/>
        <line num="75" count="1" type="stmt"/>
        <line num="76" count="1" type="stmt"/>
        <line num="77" count="1" type="stmt"/>
        <line num="79" count="0" type="stmt"/>
        <line num="80" count="0" type="stmt"/>
        <line num="84" count="20" type="stmt"/>
      </file>
    </package>
    <package name="src.routes">
      <metrics statements="6" coveredstatements="6" conditionals="2" coveredconditionals="2" methods="3" coveredmethods="3"/>
      <file name="ProtectedRoute.tsx" path="/Users/lucasholliday/project-repository-lucasholliday/frontend/src/routes/ProtectedRoute.tsx">
        <metrics statements="4" coveredstatements="4" conditionals="2" coveredconditionals="2" methods="1" coveredmethods="1"/>
        <line num="5" count="87" type="stmt"/>
        <line num="7" count="87" type="cond" truecount="2" falsecount="0"/>
        <line num="8" count="7" type="stmt"/>
        <line num="11" count="80" type="stmt"/>
      </file>
      <file name="Router.tsx" path="/Users/lucasholliday/project-repository-lucasholliday/frontend/src/routes/Router.tsx">
        <metrics statements="2" coveredstatements="2" conditionals="0" coveredconditionals="0" methods="2" coveredmethods="2"/>
        <line num="18" count="51" type="stmt"/>
        <line num="46" count="1" type="stmt"/>
      </file>
    </package>
    <package name="src.storage">
      <metrics statements="17" coveredstatements="16" conditionals="6" coveredconditionals="6" methods="7" coveredmethods="7"/>
      <file name="repliesStore.ts" path="/Users/lucasholliday/project-repository-lucasholliday/frontend/src/storage/repliesStore.ts">
        <metrics statements="13" coveredstatements="12" conditionals="6" coveredconditionals="6" methods="4" coveredmethods="4"/>
        <line num="1" count="16" type="stmt"/>
        <line num="13" count="13" type="stmt"/>
        <line num="14" count="13" type="cond" truecount="2" falsecount="0"/>
        <line num="16" count="7" type="stmt"/>
        <line num="17" count="7" type="stmt"/>
        <line num="19" count="0" type="stmt"/>
        <line num="24" count="6" type="stmt"/>
        <line num="28" count="7" type="stmt"/>
        <line num="29" count="7" type="cond" truecount="2" falsecount="0"/>
        <line num="33" count="6" type="stmt"/>
        <line num="34" count="6" type="cond" truecount="2" falsecount="0"/>
        <line num="35" count="6" type="stmt"/>
        <line num="36" count="6" type="stmt"/>
      </file>
      <file name="token.ts" path="/Users/lucasholliday/project-repository-lucasholliday/frontend/src/storage/token.ts">
        <metrics statements="4" coveredstatements="4" conditionals="0" coveredconditionals="0" methods="3" coveredmethods="3"/>
        <line num="1" count="21" type="stmt"/>
        <line num="4" count="165" type="stmt"/>
        <line num="8" count="6" type="stmt"/>
        <line num="12" count="18" type="stmt"/>
      </file>
    </package>
    <package name="src.test">
      <metrics statements="3" coveredstatements="3" conditionals="0" coveredconditionals="0" methods="2" coveredmethods="2"/>
      <file name="server.ts" path="/Users/lucasholliday/project-repository-lucasholliday/frontend/src/test/server.ts">
        <metrics statements="3" coveredstatements="3" conditionals="0" coveredconditionals="0" methods="2" coveredmethods="2"/>
        <line num="4" count="23" type="stmt"/>
        <line num="6" count="38" type="stmt"/>
        <line num="9" count="13" type="stmt"/>
      </file>
    </package>
    <package name="src.ui">
      <metrics statements="29" coveredstatements="27" conditionals="31" coveredconditionals="25" methods="24" coveredmethods="20"/>
      <file name="Avatar.tsx" path="/Users/lucasholliday/project-repository-lucasholliday/frontend/src/ui/Avatar.tsx">
        <metrics statements="4" coveredstatements="4" conditionals="5" coveredconditionals="4" methods="2" coveredmethods="2"/>
        <line num="9" count="381" type="stmt"/>
        <line num="10" count="381" type="cond" truecount="1" falsecount="1"/>
        <line num="11" count="381" type="stmt"/>
        <line num="15" count="381" type="stmt"/>
      </file>
      <file name="Button.tsx" path="/Users/lucasholliday/project-repository-lucasholliday/frontend/src/ui/Button.tsx">
        <metrics statements="1" coveredstatements="1" conditionals="12" coveredconditionals="11" methods="1" coveredmethods="1"/>
        <line num="14" count="1327" type="stmt"/>
      </file>
      <file name="Card.tsx" path="/Users/lucasholliday/project-repository-lucasholliday/frontend/src/ui/Card.tsx">
        <metrics statements="2" coveredstatements="2" conditionals="2" coveredconditionals="2" methods="1" coveredmethods="1"/>
        <line num="11" count="1393" type="cond" truecount="2" falsecount="0"/>
        <line num="12" count="1393" type="stmt"/>
      </file>
      <file name="IconButton.tsx" path="/Users/lucasholliday/project-repository-lucasholliday/frontend/src/ui/IconButton.tsx">
        <metrics statements="1" coveredstatements="1" conditionals="7" coveredconditionals="7" methods="1" coveredmethods="1"/>
        <line num="12" count="130" type="stmt"/>
      </file>
      <file name="TextField.tsx" path="/Users/lucasholliday/project-repository-lucasholliday/frontend/src/ui/TextField.tsx">
        <metrics statements="1" coveredstatements="1" conditionals="0" coveredconditionals="0" methods="1" coveredmethods="1"/>
        <line num="10" count="422" type="stmt"/>
      </file>
      <file name="cn.ts" path="/Users/lucasholliday/project-repository-lucasholliday/frontend/src/ui/cn.ts">
        <metrics statements="1" coveredstatements="1" conditionals="0" coveredconditionals="0" methods="1" coveredmethods="1"/>
        <line num="2" count="3783" type="stmt"/>
      </file>
      <file name="icons.tsx" path="/Users/lucasholliday/project-repository-lucasholliday/frontend/src/ui/icons.tsx">
        <metrics statements="7" coveredstatements="6" conditionals="0" coveredconditionals="0" methods="7" coveredmethods="6"/>
        <line num="6" count="134" type="stmt"/>
        <line num="14" count="32" type="stmt"/>
        <line num="23" count="36" type="stmt"/>
        <line num="31" count="32" type="stmt"/>
        <line num="42" count="32" type="stmt"/>
        <line num="54" count="2" type="stmt"/>
        <line num="66" count="0" type="stmt"/>
      </file>
      <file name="toast.tsx" path="/Users/lucasholliday/project-repository-lucasholliday/frontend/src/ui/toast.tsx">
        <metrics statements="12" coveredstatements="11" conditionals="5" coveredconditionals="1" methods="10" coveredmethods="7"/>
        <line num="16" count="18" type="stmt"/>
        <line num="17" count="21" type="stmt"/>
        <line num="21" count="3" type="stmt"/>
        <line num="23" count="3" type="cond" truecount="0" falsecount="1"/>
        <line num="24" count="1" type="stmt"/>
        <line num="25" count="1" type="stmt"/>
        <line num="26" count="1" type="stmt"/>
        <line num="27" count="0" type="stmt"/>
        <line num="31" count="3" type="stmt"/>
        <line num="33" count="3" type="stmt"/>
        <line num="38" count="1" type="stmt"/>
        <line num="57" count="806" type="stmt"/>
      </file>
    </package>
  </project>
</coverage>
