{"/Users/lucasholliday/project-repository-lucasholliday/frontend/src/App.tsx": {"path":"/Users/lucasholliday/project-repository-lucasholliday/frontend/src/App.tsx","statementMap":{"0":{"start":{"line":6,"column":2},"end":{"line":14,"column":null}}},"fnMap":{"0":{"name":"App","decl":{"start":{"line":5,"column":9},"end":{"line":5,"column":12}},"loc":{"start":{"line":5,"column":12},"end":{"line":15,"column":1}}}},"branchMap":{},"s":{"0":1},"f":{"0":1},"b":{}}
,"/Users/lucasholliday/project-repository-lucasholliday/frontend/src/api/client.ts": {"path":"/Users/lucasholliday/project-repository-lucasholliday/frontend/src/api/client.ts","statementMap":{"0":{"start":{"line":11,"column":4},"end":{"line":11,"column":null}},"1":{"start":{"line":12,"column":4},"end":{"line":12,"column":null}},"2":{"start":{"line":13,"column":4},"end":{"line":13,"column":null}},"3":{"start":{"line":20,"column":2},"end":{"line":20,"column":null}},"4":{"start":{"line":24,"column":20},"end":{"line":24,"column":111}},"5":{"start":{"line":25,"column":2},"end":{"line":25,"column":null}},"6":{"start":{"line":25,"column":16},"end":{"line":25,"column":null}},"7":{"start":{"line":27,"column":19},"end":{"line":28,"column":23}},"8":{"start":{"line":29,"column":2},"end":{"line":29,"column":null}},"9":{"start":{"line":33,"column":2},"end":{"line":33,"column":null}},"10":{"start":{"line":33,"column":29},"end":{"line":33,"column":null}},"11":{"start":{"line":34,"column":2},"end":{"line":34,"column":null}},"12":{"start":{"line":38,"column":14},"end":{"line":38,"column":53}},"13":{"start":{"line":39,"column":42},"end":{"line":41,"column":null}},"14":{"start":{"line":42,"column":16},"end":{"line":42,"column":26}},"15":{"start":{"line":43,"column":2},"end":{"line":45,"column":3}},"16":{"start":{"line":44,"column":4},"end":{"line":44,"column":null}},"17":{"start":{"line":47,"column":13},"end":{"line":47,"column":25}},"18":{"start":{"line":48,"column":2},"end":{"line":51,"column":3}},"19":{"start":{"line":49,"column":4},"end":{"line":49,"column":null}},"20":{"start":{"line":50,"column":4},"end":{"line":50,"column":null}},"21":{"start":{"line":53,"column":19},"end":{"line":57,"column":4}},"22":{"start":{"line":59,"column":22},"end":{"line":59,"column":64}},"23":{"start":{"line":60,"column":17},"end":{"line":60,"column":57}},"24":{"start":{"line":62,"column":2},"end":{"line":73,"column":3}},"25":{"start":{"line":63,"column":18},"end":{"line":63,"column":39}},"26":{"start":{"line":64,"column":4},"end":{"line":71,"column":5}},"27":{"start":{"line":65,"column":27},"end":{"line":65,"column":83}},"28":{"start":{"line":66,"column":22},"end":{"line":66,"column":116}},"29":{"start":{"line":67,"column":6},"end":{"line":69,"column":7}},"30":{"start":{"line":68,"column":8},"end":{"line":68,"column":null}},"31":{"start":{"line":70,"column":6},"end":{"line":70,"column":null}},"32":{"start":{"line":72,"column":4},"end":{"line":72,"column":null}},"33":{"start":{"line":75,"column":2},"end":{"line":80,"column":3}},"34":{"start":{"line":76,"column":4},"end":{"line":78,"column":5}},"35":{"start":{"line":77,"column":6},"end":{"line":77,"column":null}},"36":{"start":{"line":79,"column":4},"end":{"line":79,"column":null}},"37":{"start":{"line":82,"column":2},"end":{"line":82,"column":null}}},"fnMap":{"0":{"name":"(anonymous_0)","decl":{"start":{"line":10,"column":2},"end":{"line":10,"column":14}},"loc":{"start":{"line":10,"column":45},"end":{"line":14,"column":3}}},"1":{"name":"setApiUnauthorizedHandler","decl":{"start":{"line":19,"column":16},"end":{"line":19,"column":41}},"loc":{"start":{"line":19,"column":75},"end":{"line":21,"column":1}}},"2":{"name":"getBaseUrl","decl":{"start":{"line":23,"column":9},"end":{"line":23,"column":19}},"loc":{"start":{"line":23,"column":19},"end":{"line":30,"column":1}}},"3":{"name":"normalizePath","decl":{"start":{"line":32,"column":9},"end":{"line":32,"column":22}},"loc":{"start":{"line":32,"column":35},"end":{"line":35,"column":1}}},"4":{"name":"apiFetch","decl":{"start":{"line":37,"column":22},"end":{"line":37,"column":30}},"loc":{"start":{"line":37,"column":87},"end":{"line":83,"column":1}}}},"branchMap":{"0":{"loc":{"start":{"line":25,"column":2},"end":{"line":25,"column":null}},"type":"if","locations":[{"start":{"line":25,"column":2},"end":{"line":25,"column":null}},{"start":{},"end":{}}]},"1":{"loc":{"start":{"line":29,"column":9},"end":{"line":29,"column":22}},"type":"binary-expr","locations":[{"start":{"line":29,"column":9},"end":{"line":29,"column":16}},{"start":{"line":29,"column":20},"end":{"line":29,"column":22}}]},"2":{"loc":{"start":{"line":33,"column":2},"end":{"line":33,"column":null}},"type":"if","locations":[{"start":{"line":33,"column":2},"end":{"line":33,"column":null}},{"start":{},"end":{}}]},"3":{"loc":{"start":{"line":37,"column":58},"end":{"line":37,"column":87}},"type":"default-arg","locations":[{"start":{"line":37,"column":85},"end":{"line":37,"column":87}}]},"4":{"loc":{"start":{"line":43,"column":2},"end":{"line":45,"column":3}},"type":"if","locations":[{"start":{"line":43,"column":2},"end":{"line":45,"column":3}},{"start":{},"end":{}}]},"5":{"loc":{"start":{"line":48,"column":2},"end":{"line":51,"column":3}},"type":"if","locations":[{"start":{"line":48,"column":2},"end":{"line":51,"column":3}},{"start":{},"end":{}}]},"6":{"loc":{"start":{"line":48,"column":6},"end":{"line":48,"column":41}},"type":"binary-expr","locations":[{"start":{"line":48,"column":6},"end":{"line":48,"column":24}},{"start":{"line":48,"column":28},"end":{"line":48,"column":41}}]},"7":{"loc":{"start":{"line":59,"column":22},"end":{"line":59,"column":64}},"type":"binary-expr","locations":[{"start":{"line":59,"column":22},"end":{"line":59,"column":58}},{"start":{"line":59,"column":62},"end":{"line":59,"column":64}}]},"8":{"loc":{"start":{"line":62,"column":2},"end":{"line":73,"column":3}},"type":"if","locations":[{"start":{"line":62,"column":2},"end":{"line":73,"column":3}},{"start":{},"end":{}}]},"9":{"loc":{"start":{"line":64,"column":4},"end":{"line":71,"column":5}},"type":"if","locations":[{"start":{"line":64,"column":4},"end":{"line":71,"column":5}},{"start":{},"end":{}}]},"10":{"loc":{"start":{"line":66,"column":22},"end":{"line":66,"column":116}},"type":"binary-expr","locations":[{"start":{"line":66,"column":22},"end":{"line":66,"column":41}},{"start":{"line":66,"column":45},"end":{"line":66,"column":65}},{"start":{"line":66,"column":69},"end":{"line":66,"column":116}}]},"11":{"loc":{"start":{"line":67,"column":6},"end":{"line":69,"column":7}},"type":"if","locations":[{"start":{"line":67,"column":6},"end":{"line":69,"column":7}},{"start":{},"end":{}}]},"12":{"loc":{"start":{"line":75,"column":2},"end":{"line":80,"column":3}},"type":"if","locations":[{"start":{"line":75,"column":2},"end":{"line":80,"column":3}},{"start":{},"end":{}}]},"13":{"loc":{"start":{"line":76,"column":4},"end":{"line":78,"column":5}},"type":"if","locations":[{"start":{"line":76,"column":4},"end":{"line":78,"column":5}},{"start":{},"end":{}}]}},"s":{"0":13,"1":13,"2":13,"3":115,"4":106,"5":106,"6":8,"7":98,"8":98,"9":106,"10":0,"11":106,"12":106,"13":106,"14":106,"15":106,"16":87,"17":106,"18":106,"19":9,"20":9,"21":106,"22":106,"23":106,"24":106,"25":105,"26":105,"27":12,"28":12,"29":12,"30":4,"31":12,"32":93,"33":1,"34":1,"35":0,"36":1,"37":0},"f":{"0":13,"1":115,"2":106,"3":106,"4":106},"b":{"0":[8,98],"1":[98,98],"2":[0,106],"3":[79],"4":[87,19],"5":[9,97],"6":[106,9],"7":[106,0],"8":[105,1],"9":[12,93],"10":[12,0,0],"11":[4,8],"12":[1,0],"13":[0,1]}}
,"/Users/lucasholliday/project-repository-lucasholliday/frontend/src/auth/AuthContext.tsx": {"path":"/Users/lucasholliday/project-repository-lucasholliday/frontend/src/auth/AuthContext.tsx","statementMap":{"0":{"start":{"line":21,"column":27},"end":{"line":21,"column":81}},"1":{"start":{"line":24,"column":33},"end":{"line":24,"column":74}},"2":{"start":{"line":24,"column":63},"end":{"line":24,"column":73}},"3":{"start":{"line":25,"column":27},"end":{"line":25,"column":52}},"4":{"start":{"line":27,"column":16},"end":{"line":29,"column":8}},"5":{"start":{"line":28,"column":4},"end":{"line":28,"column":null}},"6":{"start":{"line":31,"column":16},"end":{"line":34,"column":8}},"7":{"start":{"line":32,"column":4},"end":{"line":32,"column":null}},"8":{"start":{"line":33,"column":4},"end":{"line":33,"column":null}},"9":{"start":{"line":36,"column":17},"end":{"line":40,"column":8}},"10":{"start":{"line":37,"column":4},"end":{"line":37,"column":null}},"11":{"start":{"line":38,"column":4},"end":{"line":38,"column":null}},"12":{"start":{"line":39,"column":4},"end":{"line":39,"column":null}},"13":{"start":{"line":42,"column":2},"end":{"line":48,"column":null}},"14":{"start":{"line":43,"column":4},"end":{"line":43,"column":null}},"15":{"start":{"line":45,"column":4},"end":{"line":47,"column":null}},"16":{"start":{"line":46,"column":6},"end":{"line":46,"column":null}},"17":{"start":{"line":50,"column":2},"end":{"line":66,"column":null}},"18":{"start":{"line":51,"column":4},"end":{"line":53,"column":5}},"19":{"start":{"line":52,"column":6},"end":{"line":52,"column":12}},"20":{"start":{"line":55,"column":17},"end":{"line":55,"column":21}},"21":{"start":{"line":56,"column":4},"end":{"line":61,"column":null}},"22":{"start":{"line":58,"column":8},"end":{"line":58,"column":27}},"23":{"start":{"line":58,"column":21},"end":{"line":58,"column":27}},"24":{"start":{"line":59,"column":8},"end":{"line":59,"column":null}},"25":{"start":{"line":61,"column":19},"end":{"line":61,"column":28}},"26":{"start":{"line":63,"column":4},"end":{"line":65,"column":null}},"27":{"start":{"line":64,"column":6},"end":{"line":64,"column":null}},"28":{"start":{"line":68,"column":16},"end":{"line":70,"column":null}},"29":{"start":{"line":69,"column":11},"end":{"line":69,"column":79}},"30":{"start":{"line":73,"column":2},"end":{"line":73,"column":null}}},"fnMap":{"0":{"name":"AuthProvider","decl":{"start":{"line":23,"column":16},"end":{"line":23,"column":28}},"loc":{"start":{"line":23,"column":60},"end":{"line":74,"column":1}}},"1":{"name":"(anonymous_1)","decl":{"start":{"line":24,"column":57},"end":{"line":24,"column":60}},"loc":{"start":{"line":24,"column":63},"end":{"line":24,"column":73}}},"2":{"name":"(anonymous_2)","decl":{"start":{"line":27,"column":28},"end":{"line":27,"column":29}},"loc":{"start":{"line":27,"column":50},"end":{"line":29,"column":3}}},"3":{"name":"(anonymous_3)","decl":{"start":{"line":31,"column":28},"end":{"line":31,"column":29}},"loc":{"start":{"line":31,"column":50},"end":{"line":34,"column":3}}},"4":{"name":"(anonymous_4)","decl":{"start":{"line":36,"column":29},"end":{"line":36,"column":32}},"loc":{"start":{"line":36,"column":34},"end":{"line":40,"column":3}}},"5":{"name":"(anonymous_5)","decl":{"start":{"line":42,"column":12},"end":{"line":42,"column":15}},"loc":{"start":{"line":42,"column":17},"end":{"line":48,"column":3}}},"6":{"name":"(anonymous_6)","decl":{"start":{"line":45,"column":11},"end":{"line":45,"column":14}},"loc":{"start":{"line":45,"column":16},"end":{"line":47,"column":5}}},"7":{"name":"(anonymous_7)","decl":{"start":{"line":50,"column":12},"end":{"line":50,"column":15}},"loc":{"start":{"line":50,"column":17},"end":{"line":66,"column":3}}},"8":{"name":"(anonymous_8)","decl":{"start":{"line":57,"column":12},"end":{"line":57,"column":13}},"loc":{"start":{"line":57,"column":21},"end":{"line":60,"column":7}}},"9":{"name":"(anonymous_9)","decl":{"start":{"line":61,"column":13},"end":{"line":61,"column":16}},"loc":{"start":{"line":61,"column":19},"end":{"line":61,"column":28}}},"10":{"name":"(anonymous_10)","decl":{"start":{"line":63,"column":11},"end":{"line":63,"column":14}},"loc":{"start":{"line":63,"column":16},"end":{"line":65,"column":5}}},"11":{"name":"(anonymous_11)","decl":{"start":{"line":69,"column":4},"end":{"line":69,"column":7}},"loc":{"start":{"line":69,"column":11},"end":{"line":69,"column":79}}}},"branchMap":{"0":{"loc":{"start":{"line":51,"column":4},"end":{"line":53,"column":5}},"type":"if","locations":[{"start":{"line":51,"column":4},"end":{"line":53,"column":5}},{"start":{},"end":{}}]},"1":{"loc":{"start":{"line":58,"column":8},"end":{"line":58,"column":27}},"type":"if","locations":[{"start":{"line":58,"column":8},"end":{"line":58,"column":27}},{"start":{},"end":{}}]}},"s":{"0":16,"1":101,"2":53,"3":101,"4":101,"5":2,"6":101,"7":3,"8":3,"9":101,"10":8,"11":8,"12":8,"13":101,"14":53,"15":53,"16":53,"17":101,"18":62,"19":17,"20":45,"21":45,"22":44,"23":0,"24":44,"25":1,"26":45,"27":45,"28":101,"29":101,"30":101},"f":{"0":101,"1":53,"2":2,"3":3,"4":8,"5":53,"6":53,"7":62,"8":44,"9":1,"10":45,"11":101},"b":{"0":[17,45],"1":[0,44]}}
,"/Users/lucasholliday/project-repository-lucasholliday/frontend/src/auth/IdleTimerProvider.tsx": {"path":"/Users/lucasholliday/project-repository-lucasholliday/frontend/src/auth/IdleTimerProvider.tsx","statementMap":{"0":{"start":{"line":7,"column":31},"end":{"line":7,"column":45}},"1":{"start":{"line":8,"column":44},"end":{"line":8,"column":48}},"2":{"start":{"line":9,"column":26},"end":{"line":9,"column":49}},"3":{"start":{"line":22,"column":15},"end":{"line":22,"column":24}},"4":{"start":{"line":23,"column":19},"end":{"line":23,"column":32}},"5":{"start":{"line":24,"column":21},"end":{"line":24,"column":48}},"6":{"start":{"line":25,"column":32},"end":{"line":25,"column":41}},"7":{"start":{"line":26,"column":24},"end":{"line":26,"column":37}},"8":{"start":{"line":28,"column":2},"end":{"line":75,"column":null}},"9":{"start":{"line":29,"column":4},"end":{"line":29,"column":37}},"10":{"start":{"line":29,"column":31},"end":{"line":29,"column":37}},"11":{"start":{"line":31,"column":48},"end":{"line":31,"column":105}},"12":{"start":{"line":33,"column":29},"end":{"line":38,"column":5}},"13":{"start":{"line":34,"column":18},"end":{"line":34,"column":28}},"14":{"start":{"line":35,"column":6},"end":{"line":35,"column":73}},"15":{"start":{"line":35,"column":67},"end":{"line":35,"column":73}},"16":{"start":{"line":36,"column":6},"end":{"line":36,"column":null}},"17":{"start":{"line":37,"column":6},"end":{"line":37,"column":null}},"18":{"start":{"line":40,"column":31},"end":{"line":55,"column":5}},"19":{"start":{"line":41,"column":6},"end":{"line":43,"column":7}},"20":{"start":{"line":42,"column":8},"end":{"line":42,"column":null}},"21":{"start":{"line":45,"column":6},"end":{"line":54,"column":null}},"22":{"start":{"line":46,"column":8},"end":{"line":46,"column":41}},"23":{"start":{"line":46,"column":35},"end":{"line":46,"column":41}},"24":{"start":{"line":47,"column":8},"end":{"line":47,"column":null}},"25":{"start":{"line":48,"column":8},"end":{"line":53,"column":null}},"26":{"start":{"line":49,"column":23},"end":{"line":49,"column":32}},"27":{"start":{"line":51,"column":12},"end":{"line":51,"column":null}},"28":{"start":{"line":52,"column":12},"end":{"line":52,"column":null}},"29":{"start":{"line":57,"column":23},"end":{"line":60,"column":5}},"30":{"start":{"line":58,"column":6},"end":{"line":58,"column":null}},"31":{"start":{"line":59,"column":6},"end":{"line":59,"column":null}},"32":{"start":{"line":62,"column":4},"end":{"line":62,"column":null}},"33":{"start":{"line":63,"column":4},"end":{"line":65,"column":5}},"34":{"start":{"line":64,"column":6},"end":{"line":64,"column":null}},"35":{"start":{"line":67,"column":4},"end":{"line":74,"column":null}},"36":{"start":{"line":68,"column":6},"end":{"line":70,"column":7}},"37":{"start":{"line":69,"column":8},"end":{"line":69,"column":null}},"38":{"start":{"line":71,"column":6},"end":{"line":73,"column":7}},"39":{"start":{"line":72,"column":8},"end":{"line":72,"column":null}},"40":{"start":{"line":77,"column":2},"end":{"line":77,"column":null}}},"fnMap":{"0":{"name":"IdleTimerProvider","decl":{"start":{"line":17,"column":16},"end":{"line":17,"column":33}},"loc":{"start":{"line":21,"column":25},"end":{"line":78,"column":1}}},"1":{"name":"(anonymous_1)","decl":{"start":{"line":28,"column":12},"end":{"line":28,"column":15}},"loc":{"start":{"line":28,"column":17},"end":{"line":75,"column":3}}},"2":{"name":"(anonymous_2)","decl":{"start":{"line":33,"column":29},"end":{"line":33,"column":32}},"loc":{"start":{"line":33,"column":34},"end":{"line":38,"column":5}}},"3":{"name":"(anonymous_3)","decl":{"start":{"line":40,"column":31},"end":{"line":40,"column":34}},"loc":{"start":{"line":40,"column":36},"end":{"line":55,"column":5}}},"4":{"name":"(anonymous_4)","decl":{"start":{"line":45,"column":45},"end":{"line":45,"column":48}},"loc":{"start":{"line":45,"column":50},"end":{"line":54,"column":7}}},"5":{"name":"(anonymous_5)","decl":{"start":{"line":49,"column":17},"end":{"line":49,"column":20}},"loc":{"start":{"line":49,"column":23},"end":{"line":49,"column":32}}},"6":{"name":"(anonymous_6)","decl":{"start":{"line":50,"column":19},"end":{"line":50,"column":22}},"loc":{"start":{"line":50,"column":24},"end":{"line":53,"column":11}}},"7":{"name":"(anonymous_7)","decl":{"start":{"line":57,"column":23},"end":{"line":57,"column":26}},"loc":{"start":{"line":57,"column":28},"end":{"line":60,"column":5}}},"8":{"name":"(anonymous_8)","decl":{"start":{"line":67,"column":11},"end":{"line":67,"column":14}},"loc":{"start":{"line":67,"column":16},"end":{"line":74,"column":5}}}},"branchMap":{"0":{"loc":{"start":{"line":19,"column":2},"end":{"line":19,"column":33}},"type":"default-arg","locations":[{"start":{"line":19,"column":18},"end":{"line":19,"column":33}}]},"1":{"loc":{"start":{"line":20,"column":2},"end":{"line":20,"column":50}},"type":"default-arg","locations":[{"start":{"line":20,"column":22},"end":{"line":20,"column":50}}]},"2":{"loc":{"start":{"line":29,"column":4},"end":{"line":29,"column":37}},"type":"if","locations":[{"start":{"line":29,"column":4},"end":{"line":29,"column":37}},{"start":{},"end":{}}]},"3":{"loc":{"start":{"line":35,"column":6},"end":{"line":35,"column":73}},"type":"if","locations":[{"start":{"line":35,"column":6},"end":{"line":35,"column":73}},{"start":{},"end":{}}]},"4":{"loc":{"start":{"line":41,"column":6},"end":{"line":43,"column":7}},"type":"if","locations":[{"start":{"line":41,"column":6},"end":{"line":43,"column":7}},{"start":{},"end":{}}]},"5":{"loc":{"start":{"line":46,"column":8},"end":{"line":46,"column":41}},"type":"if","locations":[{"start":{"line":46,"column":8},"end":{"line":46,"column":41}},{"start":{},"end":{}}]},"6":{"loc":{"start":{"line":68,"column":6},"end":{"line":70,"column":7}},"type":"if","locations":[{"start":{"line":68,"column":6},"end":{"line":70,"column":7}},{"start":{},"end":{}}]}},"s":{"0":15,"1":15,"2":15,"3":89,"4":89,"5":89,"6":89,"7":89,"8":89,"9":89,"10":0,"11":89,"12":89,"13":198,"14":198,"15":154,"16":44,"17":44,"18":89,"19":198,"20":155,"21":198,"22":2,"23":0,"24":2,"25":2,"26":0,"27":2,"28":2,"29":89,"30":198,"31":198,"32":89,"33":89,"34":445,"35":89,"36":89,"37":89,"38":89,"39":445,"40":89},"f":{"0":89,"1":89,"2":198,"3":198,"4":2,"5":0,"6":2,"7":198,"8":89},"b":{"0":[89],"1":[89],"2":[0,89],"3":[154,44],"4":[155,43],"5":[0,2],"6":[89,0]}}
,"/Users/lucasholliday/project-repository-lucasholliday/frontend/src/auth/useAuth.ts": {"path":"/Users/lucasholliday/project-repository-lucasholliday/frontend/src/auth/useAuth.ts","statementMap":{"0":{"start":{"line":6,"column":18},"end":{"line":6,"column":41}},"1":{"start":{"line":7,"column":2},"end":{"line":9,"column":3}},"2":{"start":{"line":8,"column":4},"end":{"line":8,"column":null}},"3":{"start":{"line":10,"column":2},"end":{"line":10,"column":null}}},"fnMap":{"0":{"name":"useAuth","decl":{"start":{"line":5,"column":16},"end":{"line":5,"column":23}},"loc":{"start":{"line":5,"column":23},"end":{"line":11,"column":1}}}},"branchMap":{"0":{"loc":{"start":{"line":7,"column":2},"end":{"line":9,"column":3}},"type":"if","locations":[{"start":{"line":7,"column":2},"end":{"line":9,"column":3}},{"start":{},"end":{}}]}},"s":{"0":410,"1":410,"2":0,"3":410},"f":{"0":410},"b":{"0":[0,410]}}
,"/Users/lucasholliday/project-repository-lucasholliday/frontend/src/components/DemoModePanel.tsx": {"path":"/Users/lucasholliday/project-repository-lucasholliday/frontend/src/components/DemoModePanel.tsx","statementMap":{"0":{"start":{"line":8,"column":30},"end":{"line":8,"column":57}},"1":{"start":{"line":15,"column":24},"end":{"line":15,"column":123}},"2":{"start":{"line":16,"column":2},"end":{"line":16,"column":null}},"3":{"start":{"line":16,"column":20},"end":{"line":16,"column":null}},"4":{"start":{"line":18,"column":19},"end":{"line":18,"column":117}},"5":{"start":{"line":19,"column":2},"end":{"line":19,"column":null}},"6":{"start":{"line":23,"column":24},"end":{"line":23,"column":34}},"7":{"start":{"line":24,"column":36},"end":{"line":24,"column":110}},"8":{"start":{"line":24,"column":51},"end":{"line":24,"column":109}},"9":{"start":{"line":25,"column":36},"end":{"line":25,"column":51}},"10":{"start":{"line":26,"column":38},"end":{"line":26,"column":53}},"11":{"start":{"line":28,"column":25},"end":{"line":28,"column":63}},"12":{"start":{"line":28,"column":39},"end":{"line":28,"column":58}},"13":{"start":{"line":29,"column":25},"end":{"line":29,"column":50}},"14":{"start":{"line":32,"column":17},"end":{"line":32,"column":27}},"15":{"start":{"line":33,"column":4},"end":{"line":33,"column":null}},"16":{"start":{"line":34,"column":4},"end":{"line":38,"column":5}},"17":{"start":{"line":35,"column":6},"end":{"line":35,"column":null}},"18":{"start":{"line":37,"column":6},"end":{"line":37,"column":null}},"19":{"start":{"line":42,"column":4},"end":{"line":45,"column":5}},"20":{"start":{"line":43,"column":6},"end":{"line":43,"column":null}},"21":{"start":{"line":44,"column":6},"end":{"line":44,"column":12}},"22":{"start":{"line":47,"column":4},"end":{"line":65,"column":5}},"23":{"start":{"line":48,"column":6},"end":{"line":48,"column":null}},"24":{"start":{"line":49,"column":6},"end":{"line":54,"column":null}},"25":{"start":{"line":55,"column":6},"end":{"line":55,"column":null}},"26":{"start":{"line":56,"column":6},"end":{"line":56,"column":null}},"27":{"start":{"line":58,"column":6},"end":{"line":61,"column":7}},"28":{"start":{"line":59,"column":8},"end":{"line":59,"column":null}},"29":{"start":{"line":60,"column":8},"end":{"line":60,"column":14}},"30":{"start":{"line":62,"column":6},"end":{"line":62,"column":null}},"31":{"start":{"line":64,"column":6},"end":{"line":64,"column":null}},"32":{"start":{"line":69,"column":4},"end":{"line":72,"column":5}},"33":{"start":{"line":70,"column":6},"end":{"line":70,"column":null}},"34":{"start":{"line":71,"column":6},"end":{"line":71,"column":12}},"35":{"start":{"line":74,"column":4},"end":{"line":92,"column":5}},"36":{"start":{"line":75,"column":6},"end":{"line":75,"column":null}},"37":{"start":{"line":76,"column":6},"end":{"line":81,"column":null}},"38":{"start":{"line":82,"column":6},"end":{"line":82,"column":null}},"39":{"start":{"line":83,"column":6},"end":{"line":83,"column":null}},"40":{"start":{"line":85,"column":6},"end":{"line":88,"column":7}},"41":{"start":{"line":86,"column":8},"end":{"line":86,"column":null}},"42":{"start":{"line":87,"column":8},"end":{"line":87,"column":14}},"43":{"start":{"line":89,"column":6},"end":{"line":89,"column":null}},"44":{"start":{"line":91,"column":6},"end":{"line":91,"column":null}},"45":{"start":{"line":95,"column":2},"end":{"line":129,"column":null}}},"fnMap":{"0":{"name":"getDemoSeedSecret","decl":{"start":{"line":14,"column":9},"end":{"line":14,"column":26}},"loc":{"start":{"line":14,"column":26},"end":{"line":20,"column":1}}},"1":{"name":"DemoModePanel","decl":{"start":{"line":22,"column":16},"end":{"line":22,"column":29}},"loc":{"start":{"line":22,"column":62},"end":{"line":130,"column":1}}},"2":{"name":"(anonymous_2)","decl":{"start":{"line":24,"column":45},"end":{"line":24,"column":48}},"loc":{"start":{"line":24,"column":51},"end":{"line":24,"column":109}}},"3":{"name":"(anonymous_3)","decl":{"start":{"line":28,"column":33},"end":{"line":28,"column":36}},"loc":{"start":{"line":28,"column":39},"end":{"line":28,"column":58}}},"4":{"name":"onToggleDemoMode","decl":{"start":{"line":31,"column":11},"end":{"line":31,"column":27}},"loc":{"start":{"line":31,"column":27},"end":{"line":39,"column":3}}},"5":{"name":"onGenerateDemoContent","decl":{"start":{"line":41,"column":17},"end":{"line":41,"column":38}},"loc":{"start":{"line":41,"column":38},"end":{"line":66,"column":3}}},"6":{"name":"onClearDemoContent","decl":{"start":{"line":68,"column":17},"end":{"line":68,"column":35}},"loc":{"start":{"line":68,"column":35},"end":{"line":93,"column":3}}}},"branchMap":{"0":{"loc":{"start":{"line":16,"column":2},"end":{"line":16,"column":null}},"type":"if","locations":[{"start":{"line":16,"column":2},"end":{"line":16,"column":null}},{"start":{},"end":{}}]},"1":{"loc":{"start":{"line":19,"column":9},"end":{"line":19,"column":22}},"type":"binary-expr","locations":[{"start":{"line":19,"column":9},"end":{"line":19,"column":16}},{"start":{"line":19,"column":20},"end":{"line":19,"column":22}}]},"2":{"loc":{"start":{"line":34,"column":4},"end":{"line":38,"column":5}},"type":"if","locations":[{"start":{"line":34,"column":4},"end":{"line":38,"column":5}},{"start":{"line":36,"column":11},"end":{"line":38,"column":5}}]},"3":{"loc":{"start":{"line":42,"column":4},"end":{"line":45,"column":5}},"type":"if","locations":[{"start":{"line":42,"column":4},"end":{"line":45,"column":5}},{"start":{},"end":{}}]},"4":{"loc":{"start":{"line":58,"column":6},"end":{"line":61,"column":7}},"type":"if","locations":[{"start":{"line":58,"column":6},"end":{"line":61,"column":7}},{"start":{},"end":{}}]},"5":{"loc":{"start":{"line":59,"column":18},"end":{"line":59,"column":66}},"type":"binary-expr","locations":[{"start":{"line":59,"column":18},"end":{"line":59,"column":29}},{"start":{"line":59,"column":33},"end":{"line":59,"column":66}}]},"6":{"loc":{"start":{"line":69,"column":4},"end":{"line":72,"column":5}},"type":"if","locations":[{"start":{"line":69,"column":4},"end":{"line":72,"column":5}},{"start":{},"end":{}}]},"7":{"loc":{"start":{"line":85,"column":6},"end":{"line":88,"column":7}},"type":"if","locations":[{"start":{"line":85,"column":6},"end":{"line":88,"column":7}},{"start":{},"end":{}}]},"8":{"loc":{"start":{"line":86,"column":18},"end":{"line":86,"column":63}},"type":"binary-expr","locations":[{"start":{"line":86,"column":18},"end":{"line":86,"column":29}},{"start":{"line":86,"column":33},"end":{"line":86,"column":63}}]},"9":{"loc":{"start":{"line":99,"column":49},"end":{"line":99,"column":84}},"type":"cond-expr","locations":[{"start":{"line":99,"column":61},"end":{"line":99,"column":70}},{"start":{"line":99,"column":73},"end":{"line":99,"column":84}}]},"10":{"loc":{"start":{"line":100,"column":11},"end":{"line":100,"column":55}},"type":"cond-expr","locations":[{"start":{"line":100,"column":23},"end":{"line":100,"column":37}},{"start":{"line":100,"column":40},"end":{"line":100,"column":55}}]},"11":{"loc":{"start":{"line":104,"column":7},"end":{"line":127,"column":14}},"type":"cond-expr","locations":[{"start":{"line":105,"column":8},"end":{"line":125,"column":null}},{"start":{"line":127,"column":10},"end":{"line":127,"column":14}}]},"12":{"loc":{"start":{"line":106,"column":71},"end":{"line":106,"column":94}},"type":"binary-expr","locations":[{"start":{"line":106,"column":71},"end":{"line":106,"column":80}},{"start":{"line":106,"column":84},"end":{"line":106,"column":94}}]},"13":{"loc":{"start":{"line":107,"column":13},"end":{"line":107,"column":66}},"type":"cond-expr","locations":[{"start":{"line":107,"column":25},"end":{"line":107,"column":40}},{"start":{"line":107,"column":43},"end":{"line":107,"column":66}}]},"14":{"loc":{"start":{"line":114,"column":22},"end":{"line":114,"column":45}},"type":"binary-expr","locations":[{"start":{"line":114,"column":22},"end":{"line":114,"column":32}},{"start":{"line":114,"column":36},"end":{"line":114,"column":45}}]},"15":{"loc":{"start":{"line":117,"column":13},"end":{"line":117,"column":62}},"type":"cond-expr","locations":[{"start":{"line":117,"column":26},"end":{"line":117,"column":39}},{"start":{"line":117,"column":42},"end":{"line":117,"column":62}}]},"16":{"loc":{"start":{"line":119,"column":11},"end":{"line":119,"column":110}},"type":"cond-expr","locations":[{"start":{"line":119,"column":29},"end":{"line":119,"column":103}},{"start":{"line":119,"column":106},"end":{"line":119,"column":110}}]},"17":{"loc":{"start":{"line":120,"column":11},"end":{"line":125,"column":18}},"type":"cond-expr","locations":[{"start":{"line":121,"column":12},"end":{"line":123,"column":null}},{"start":{"line":125,"column":14},"end":{"line":125,"column":18}}]}},"s":{"0":16,"1":44,"2":44,"3":1,"4":43,"5":43,"6":95,"7":95,"8":44,"9":95,"10":95,"11":95,"12":44,"13":95,"14":1,"15":1,"16":1,"17":1,"18":0,"19":1,"20":0,"21":0,"22":1,"23":1,"24":1,"25":1,"26":1,"27":0,"28":0,"29":0,"30":0,"31":1,"32":0,"33":0,"34":0,"35":0,"36":0,"37":0,"38":0,"39":0,"40":0,"41":0,"42":0,"43":0,"44":0,"45":95},"f":{"0":44,"1":95,"2":44,"3":44,"4":1,"5":1,"6":0},"b":{"0":[1,43],"1":[43,43],"2":[1,0],"3":[0,1],"4":[0,0],"5":[0,0],"6":[0,0],"7":[0,0],"8":[0,0],"9":[3,92],"10":[3,92],"11":[3,92],"12":[3,2],"13":[1,2],"14":[3,3],"15":[0,3],"16":[0,3],"17":[1,2]}}
,"/Users/lucasholliday/project-repository-lucasholliday/frontend/src/components/HealthDemo.tsx": {"path":"/Users/lucasholliday/project-repository-lucasholliday/frontend/src/components/HealthDemo.tsx","statementMap":{"0":{"start":{"line":8,"column":26},"end":{"line":8,"column":55}},"1":{"start":{"line":10,"column":2},"end":{"line":28,"column":null}},"2":{"start":{"line":11,"column":18},"end":{"line":11,"column":22}},"3":{"start":{"line":12,"column":4},"end":{"line":23,"column":null}},"4":{"start":{"line":13,"column":26},"end":{"line":13,"column":68}},"5":{"start":{"line":15,"column":8},"end":{"line":17,"column":9}},"6":{"start":{"line":16,"column":10},"end":{"line":16,"column":null}},"7":{"start":{"line":20,"column":8},"end":{"line":22,"column":9}},"8":{"start":{"line":21,"column":10},"end":{"line":21,"column":null}},"9":{"start":{"line":25,"column":4},"end":{"line":27,"column":null}},"10":{"start":{"line":26,"column":6},"end":{"line":26,"column":null}},"11":{"start":{"line":30,"column":2},"end":{"line":30,"column":null}}},"fnMap":{"0":{"name":"HealthDemo","decl":{"start":{"line":7,"column":16},"end":{"line":7,"column":26}},"loc":{"start":{"line":7,"column":26},"end":{"line":31,"column":1}}},"1":{"name":"(anonymous_1)","decl":{"start":{"line":10,"column":12},"end":{"line":10,"column":15}},"loc":{"start":{"line":10,"column":17},"end":{"line":28,"column":3}}},"2":{"name":"(anonymous_2)","decl":{"start":{"line":13,"column":12},"end":{"line":13,"column":13}},"loc":{"start":{"line":13,"column":26},"end":{"line":13,"column":68}}},"3":{"name":"(anonymous_3)","decl":{"start":{"line":14,"column":12},"end":{"line":14,"column":13}},"loc":{"start":{"line":14,"column":21},"end":{"line":18,"column":7}}},"4":{"name":"(anonymous_4)","decl":{"start":{"line":19,"column":13},"end":{"line":19,"column":16}},"loc":{"start":{"line":19,"column":18},"end":{"line":23,"column":7}}},"5":{"name":"(anonymous_5)","decl":{"start":{"line":25,"column":11},"end":{"line":25,"column":14}},"loc":{"start":{"line":25,"column":16},"end":{"line":27,"column":5}}}},"branchMap":{"0":{"loc":{"start":{"line":15,"column":8},"end":{"line":17,"column":9}},"type":"if","locations":[{"start":{"line":15,"column":8},"end":{"line":17,"column":9}},{"start":{},"end":{}}]},"1":{"loc":{"start":{"line":20,"column":8},"end":{"line":22,"column":9}},"type":"if","locations":[{"start":{"line":20,"column":8},"end":{"line":22,"column":9}},{"start":{},"end":{}}]}},"s":{"0":2,"1":2,"2":1,"3":1,"4":1,"5":1,"6":1,"7":0,"8":0,"9":1,"10":1,"11":2},"f":{"0":2,"1":1,"2":1,"3":1,"4":0,"5":1},"b":{"0":[1,0],"1":[0,0]}}
,"/Users/lucasholliday/project-repository-lucasholliday/frontend/src/components/SystemStatusCard.tsx": {"path":"/Users/lucasholliday/project-repository-lucasholliday/frontend/src/components/SystemStatusCard.tsx","statementMap":{"0":{"start":{"line":11,"column":38},"end":{"line":11,"column":73}},"1":{"start":{"line":12,"column":34},"end":{"line":12,"column":49}},"2":{"start":{"line":15,"column":4},"end":{"line":15,"column":null}},"3":{"start":{"line":16,"column":4},"end":{"line":26,"column":5}},"4":{"start":{"line":17,"column":21},"end":{"line":17,"column":61}},"5":{"start":{"line":18,"column":23},"end":{"line":18,"column":68}},"6":{"start":{"line":19,"column":24},"end":{"line":19,"column":50}},"7":{"start":{"line":20,"column":23},"end":{"line":20,"column":78}},"8":{"start":{"line":21,"column":6},"end":{"line":21,"column":null}},"9":{"start":{"line":23,"column":6},"end":{"line":23,"column":null}},"10":{"start":{"line":25,"column":6},"end":{"line":25,"column":null}},"11":{"start":{"line":29,"column":2},"end":{"line":43,"column":null}}},"fnMap":{"0":{"name":"SystemStatusCard","decl":{"start":{"line":10,"column":16},"end":{"line":10,"column":32}},"loc":{"start":{"line":10,"column":32},"end":{"line":44,"column":1}}},"1":{"name":"onCheckStatus","decl":{"start":{"line":14,"column":17},"end":{"line":14,"column":30}},"loc":{"start":{"line":14,"column":30},"end":{"line":27,"column":3}}}},"branchMap":{"0":{"loc":{"start":{"line":19,"column":24},"end":{"line":19,"column":50}},"type":"binary-expr","locations":[{"start":{"line":19,"column":24},"end":{"line":19,"column":37}},{"start":{"line":19,"column":41},"end":{"line":19,"column":50}}]},"1":{"loc":{"start":{"line":20,"column":23},"end":{"line":20,"column":78}},"type":"cond-expr","locations":[{"start":{"line":20,"column":65},"end":{"line":20,"column":69}},{"start":{"line":20,"column":72},"end":{"line":20,"column":78}}]},"2":{"loc":{"start":{"line":20,"column":23},"end":{"line":20,"column":62}},"type":"binary-expr","locations":[{"start":{"line":20,"column":23},"end":{"line":20,"column":34}},{"start":{"line":20,"column":38},"end":{"line":20,"column":62}}]},"3":{"loc":{"start":{"line":40,"column":9},"end":{"line":40,"column":50}},"type":"cond-expr","locations":[{"start":{"line":40,"column":20},"end":{"line":40,"column":33}},{"start":{"line":40,"column":36},"end":{"line":40,"column":50}}]}},"s":{"0":130,"1":130,"2":0,"3":0,"4":0,"5":0,"6":0,"7":0,"8":0,"9":0,"10":0,"11":130},"f":{"0":130,"1":0},"b":{"0":[0,0],"1":[0,0],"2":[0,0],"3":[0,130]}}
,"/Users/lucasholliday/project-repository-lucasholliday/frontend/src/components/TweetCard.tsx": {"path":"/Users/lucasholliday/project-repository-lucasholliday/frontend/src/components/TweetCard.tsx","statementMap":{"0":{"start":{"line":27,"column":19},"end":{"line":27,"column":32}},"1":{"start":{"line":28,"column":24},"end":{"line":28,"column":34}},"2":{"start":{"line":29,"column":36},"end":{"line":29,"column":74}},"3":{"start":{"line":30,"column":36},"end":{"line":30,"column":70}},"4":{"start":{"line":31,"column":44},"end":{"line":31,"column":82}},"5":{"start":{"line":32,"column":44},"end":{"line":32,"column":59}},"6":{"start":{"line":33,"column":50},"end":{"line":33,"column":65}},"7":{"start":{"line":34,"column":48},"end":{"line":34,"column":63}},"8":{"start":{"line":35,"column":36},"end":{"line":35,"column":65}},"9":{"start":{"line":36,"column":42},"end":{"line":36,"column":71}},"10":{"start":{"line":37,"column":40},"end":{"line":37,"column":69}},"11":{"start":{"line":40,"column":4},"end":{"line":40,"column":29}},"12":{"start":{"line":40,"column":23},"end":{"line":40,"column":29}},"13":{"start":{"line":41,"column":22},"end":{"line":41,"column":32}},"14":{"start":{"line":42,"column":4},"end":{"line":42,"column":null}},"15":{"start":{"line":43,"column":4},"end":{"line":43,"column":null}},"16":{"start":{"line":44,"column":4},"end":{"line":44,"column":null}},"17":{"start":{"line":44,"column":27},"end":{"line":44,"column":54}},"18":{"start":{"line":45,"column":4},"end":{"line":45,"column":null}},"19":{"start":{"line":47,"column":4},"end":{"line":61,"column":5}},"20":{"start":{"line":48,"column":6},"end":{"line":52,"column":7}},"21":{"start":{"line":49,"column":8},"end":{"line":49,"column":null}},"22":{"start":{"line":51,"column":8},"end":{"line":51,"column":null}},"23":{"start":{"line":53,"column":6},"end":{"line":53,"column":null}},"24":{"start":{"line":55,"column":6},"end":{"line":55,"column":null}},"25":{"start":{"line":56,"column":6},"end":{"line":56,"column":null}},"26":{"start":{"line":56,"column":29},"end":{"line":56,"column":56}},"27":{"start":{"line":57,"column":6},"end":{"line":57,"column":null}},"28":{"start":{"line":58,"column":6},"end":{"line":58,"column":null}},"29":{"start":{"line":60,"column":6},"end":{"line":60,"column":null}},"30":{"start":{"line":65,"column":4},"end":{"line":65,"column":32}},"31":{"start":{"line":65,"column":26},"end":{"line":65,"column":32}},"32":{"start":{"line":66,"column":26},"end":{"line":66,"column":40}},"33":{"start":{"line":67,"column":4},"end":{"line":67,"column":null}},"34":{"start":{"line":68,"column":4},"end":{"line":68,"column":null}},"35":{"start":{"line":69,"column":4},"end":{"line":69,"column":null}},"36":{"start":{"line":71,"column":4},"end":{"line":84,"column":5}},"37":{"start":{"line":72,"column":6},"end":{"line":76,"column":7}},"38":{"start":{"line":73,"column":8},"end":{"line":73,"column":null}},"39":{"start":{"line":75,"column":8},"end":{"line":75,"column":null}},"40":{"start":{"line":77,"column":6},"end":{"line":77,"column":null}},"41":{"start":{"line":79,"column":6},"end":{"line":79,"column":null}},"42":{"start":{"line":80,"column":6},"end":{"line":80,"column":null}},"43":{"start":{"line":81,"column":6},"end":{"line":81,"column":null}},"44":{"start":{"line":83,"column":6},"end":{"line":83,"column":null}},"45":{"start":{"line":88,"column":4},"end":{"line":88,"column":31}},"46":{"start":{"line":88,"column":25},"end":{"line":88,"column":31}},"47":{"start":{"line":89,"column":4},"end":{"line":89,"column":null}},"48":{"start":{"line":90,"column":4},"end":{"line":90,"column":null}},"49":{"start":{"line":91,"column":4},"end":{"line":110,"column":5}},"50":{"start":{"line":92,"column":6},"end":{"line":92,"column":null}},"51":{"start":{"line":93,"column":6},"end":{"line":93,"column":null}},"52":{"start":{"line":94,"column":6},"end":{"line":94,"column":null}},"53":{"start":{"line":96,"column":6},"end":{"line":100,"column":7}},"54":{"start":{"line":97,"column":8},"end":{"line":97,"column":null}},"55":{"start":{"line":98,"column":8},"end":{"line":98,"column":null}},"56":{"start":{"line":99,"column":8},"end":{"line":99,"column":14}},"57":{"start":{"line":101,"column":6},"end":{"line":105,"column":7}},"58":{"start":{"line":102,"column":8},"end":{"line":102,"column":null}},"59":{"start":{"line":103,"column":8},"end":{"line":103,"column":null}},"60":{"start":{"line":104,"column":8},"end":{"line":104,"column":14}},"61":{"start":{"line":106,"column":6},"end":{"line":106,"column":null}},"62":{"start":{"line":107,"column":6},"end":{"line":107,"column":null}},"63":{"start":{"line":109,"column":6},"end":{"line":109,"column":null}},"64":{"start":{"line":114,"column":16},"end":{"line":114,"column":69}},"65":{"start":{"line":115,"column":4},"end":{"line":123,"column":5}},"66":{"start":{"line":116,"column":6},"end":{"line":120,"column":7}},"67":{"start":{"line":117,"column":8},"end":{"line":117,"column":null}},"68":{"start":{"line":118,"column":8},"end":{"line":118,"column":null}},"69":{"start":{"line":119,"column":8},"end":{"line":119,"column":14}},"70":{"start":{"line":124,"column":4},"end":{"line":124,"column":null}},"71":{"start":{"line":127,"column":20},"end":{"line":127,"column":89}},"72":{"start":{"line":129,"column":2},"end":{"line":208,"column":null}},"73":{"start":{"line":163,"column":25},"end":{"line":163,"column":63}},"74":{"start":{"line":187,"column":12},"end":{"line":187,"column":null}}},"fnMap":{"0":{"name":"TweetCard","decl":{"start":{"line":26,"column":16},"end":{"line":26,"column":25}},"loc":{"start":{"line":26,"column":78},"end":{"line":209,"column":1}}},"1":{"name":"onToggleLike","decl":{"start":{"line":39,"column":17},"end":{"line":39,"column":29}},"loc":{"start":{"line":39,"column":29},"end":{"line":62,"column":3}}},"2":{"name":"(anonymous_2)","decl":{"start":{"line":44,"column":17},"end":{"line":44,"column":18}},"loc":{"start":{"line":44,"column":27},"end":{"line":44,"column":54}}},"3":{"name":"(anonymous_3)","decl":{"start":{"line":56,"column":19},"end":{"line":56,"column":20}},"loc":{"start":{"line":56,"column":29},"end":{"line":56,"column":56}}},"4":{"name":"onToggleRetweet","decl":{"start":{"line":64,"column":17},"end":{"line":64,"column":32}},"loc":{"start":{"line":64,"column":32},"end":{"line":85,"column":3}}},"5":{"name":"onDeleteTweet","decl":{"start":{"line":87,"column":17},"end":{"line":87,"column":30}},"loc":{"start":{"line":87,"column":30},"end":{"line":111,"column":3}}},"6":{"name":"onShare","decl":{"start":{"line":113,"column":17},"end":{"line":113,"column":24}},"loc":{"start":{"line":113,"column":24},"end":{"line":125,"column":3}}},"7":{"name":"(anonymous_7)","decl":{"start":{"line":163,"column":19},"end":{"line":163,"column":22}},"loc":{"start":{"line":163,"column":25},"end":{"line":163,"column":63}}},"8":{"name":"(anonymous_8)","decl":{"start":{"line":186,"column":19},"end":{"line":186,"column":22}},"loc":{"start":{"line":186,"column":24},"end":{"line":188,"column":11}}}},"branchMap":{"0":{"loc":{"start":{"line":29,"column":52},"end":{"line":29,"column":72}},"type":"binary-expr","locations":[{"start":{"line":29,"column":52},"end":{"line":29,"column":67}},{"start":{"line":29,"column":71},"end":{"line":29,"column":72}}]},"1":{"loc":{"start":{"line":40,"column":4},"end":{"line":40,"column":29}},"type":"if","locations":[{"start":{"line":40,"column":4},"end":{"line":40,"column":29}},{"start":{},"end":{}}]},"2":{"loc":{"start":{"line":44,"column":35},"end":{"line":44,"column":53}},"type":"cond-expr","locations":[{"start":{"line":44,"column":47},"end":{"line":44,"column":48}},{"start":{"line":44,"column":51},"end":{"line":44,"column":53}}]},"3":{"loc":{"start":{"line":48,"column":6},"end":{"line":52,"column":7}},"type":"if","locations":[{"start":{"line":48,"column":6},"end":{"line":52,"column":7}},{"start":{"line":50,"column":13},"end":{"line":52,"column":7}}]},"4":{"loc":{"start":{"line":53,"column":16},"end":{"line":53,"column":58}},"type":"cond-expr","locations":[{"start":{"line":53,"column":28},"end":{"line":53,"column":41}},{"start":{"line":53,"column":44},"end":{"line":53,"column":58}}]},"5":{"loc":{"start":{"line":56,"column":37},"end":{"line":56,"column":55}},"type":"cond-expr","locations":[{"start":{"line":56,"column":49},"end":{"line":56,"column":51}},{"start":{"line":56,"column":54},"end":{"line":56,"column":55}}]},"6":{"loc":{"start":{"line":65,"column":4},"end":{"line":65,"column":32}},"type":"if","locations":[{"start":{"line":65,"column":4},"end":{"line":65,"column":32}},{"start":{},"end":{}}]},"7":{"loc":{"start":{"line":72,"column":6},"end":{"line":76,"column":7}},"type":"if","locations":[{"start":{"line":72,"column":6},"end":{"line":76,"column":7}},{"start":{"line":74,"column":13},"end":{"line":76,"column":7}}]},"8":{"loc":{"start":{"line":77,"column":16},"end":{"line":77,"column":62}},"type":"cond-expr","locations":[{"start":{"line":77,"column":32},"end":{"line":77,"column":43}},{"start":{"line":77,"column":46},"end":{"line":77,"column":62}}]},"9":{"loc":{"start":{"line":88,"column":4},"end":{"line":88,"column":31}},"type":"if","locations":[{"start":{"line":88,"column":4},"end":{"line":88,"column":31}},{"start":{},"end":{}}]},"10":{"loc":{"start":{"line":96,"column":6},"end":{"line":100,"column":7}},"type":"if","locations":[{"start":{"line":96,"column":6},"end":{"line":100,"column":7}},{"start":{},"end":{}}]},"11":{"loc":{"start":{"line":96,"column":10},"end":{"line":96,"column":55}},"type":"binary-expr","locations":[{"start":{"line":96,"column":10},"end":{"line":96,"column":33}},{"start":{"line":96,"column":37},"end":{"line":96,"column":55}}]},"12":{"loc":{"start":{"line":101,"column":6},"end":{"line":105,"column":7}},"type":"if","locations":[{"start":{"line":101,"column":6},"end":{"line":105,"column":7}},{"start":{},"end":{}}]},"13":{"loc":{"start":{"line":101,"column":10},"end":{"line":101,"column":55}},"type":"binary-expr","locations":[{"start":{"line":101,"column":10},"end":{"line":101,"column":33}},{"start":{"line":101,"column":37},"end":{"line":101,"column":55}}]},"14":{"loc":{"start":{"line":116,"column":6},"end":{"line":120,"column":7}},"type":"if","locations":[{"start":{"line":116,"column":6},"end":{"line":120,"column":7}},{"start":{},"end":{}}]},"15":{"loc":{"start":{"line":127,"column":28},"end":{"line":127,"column":88}},"type":"binary-expr","locations":[{"start":{"line":127,"column":28},"end":{"line":127,"column":43}},{"start":{"line":127,"column":47},"end":{"line":127,"column":88}}]},"16":{"loc":{"start":{"line":144,"column":9},"end":{"line":153,"column":16}},"type":"cond-expr","locations":[{"start":{"line":145,"column":10},"end":{"line":151,"column":null}},{"start":{"line":153,"column":12},"end":{"line":153,"column":16}}]},"17":{"loc":{"start":{"line":167,"column":22},"end":{"line":167,"column":61}},"type":"cond-expr","locations":[{"start":{"line":167,"column":38},"end":{"line":167,"column":49}},{"start":{"line":167,"column":52},"end":{"line":167,"column":61}}]},"18":{"loc":{"start":{"line":175,"column":22},"end":{"line":175,"column":51}},"type":"cond-expr","locations":[{"start":{"line":175,"column":34},"end":{"line":175,"column":42}},{"start":{"line":175,"column":45},"end":{"line":175,"column":51}}]},"19":{"loc":{"start":{"line":192,"column":7},"end":{"line":196,"column":14}},"type":"cond-expr","locations":[{"start":{"line":193,"column":8},"end":{"line":194,"column":null}},{"start":{"line":196,"column":10},"end":{"line":196,"column":14}}]},"20":{"loc":{"start":{"line":197,"column":7},"end":{"line":201,"column":14}},"type":"cond-expr","locations":[{"start":{"line":198,"column":8},"end":{"line":199,"column":null}},{"start":{"line":201,"column":10},"end":{"line":201,"column":14}}]},"21":{"loc":{"start":{"line":202,"column":7},"end":{"line":206,"column":14}},"type":"cond-expr","locations":[{"start":{"line":203,"column":8},"end":{"line":204,"column":null}},{"start":{"line":206,"column":10},"end":{"line":206,"column":14}}]}},"s":{"0":32,"1":32,"2":32,"3":32,"4":32,"5":32,"6":32,"7":32,"8":32,"9":32,"10":32,"11":3,"12":0,"13":3,"14":3,"15":3,"16":3,"17":3,"18":3,"19":3,"20":3,"21":2,"22":1,"23":2,"24":1,"25":1,"26":1,"27":1,"28":1,"29":3,"30":3,"31":0,"32":3,"33":3,"34":3,"35":3,"36":3,"37":3,"38":2,"39":1,"40":2,"41":1,"42":1,"43":1,"44":3,"45":1,"46":0,"47":1,"48":1,"49":1,"50":1,"51":1,"52":1,"53":0,"54":0,"55":0,"56":0,"57":0,"58":0,"59":0,"60":0,"61":0,"62":0,"63":1,"64":0,"65":0,"66":0,"67":0,"68":0,"69":0,"70":0,"71":32,"72":32,"73":1,"74":0},"f":{"0":32,"1":3,"2":3,"3":1,"4":3,"5":1,"6":0,"7":1,"8":0},"b":{"0":[32,9],"1":[0,3],"2":[2,1],"3":[2,1],"4":[1,1],"5":[1,0],"6":[0,3],"7":[2,1],"8":[1,1],"9":[0,1],"10":[0,0],"11":[0,0],"12":[0,0],"13":[0,0],"14":[0,0],"15":[32,15],"16":[2,30],"17":[3,29],"18":[4,28],"19":[1,31],"20":[1,31],"21":[0,32]}}
,"/Users/lucasholliday/project-repository-lucasholliday/frontend/src/layout/AppShell.tsx": {"path":"/Users/lucasholliday/project-repository-lucasholliday/frontend/src/layout/AppShell.tsx","statementMap":{"0":{"start":{"line":12,"column":19},"end":{"line":12,"column":32}},"1":{"start":{"line":13,"column":15},"end":{"line":13,"column":24}},"2":{"start":{"line":14,"column":42},"end":{"line":14,"column":57}},"3":{"start":{"line":16,"column":4},"end":{"line":16,"column":269}},"4":{"start":{"line":19,"column":4},"end":{"line":28,"column":5}},"5":{"start":{"line":20,"column":6},"end":{"line":20,"column":null}},"6":{"start":{"line":21,"column":6},"end":{"line":21,"column":null}},"7":{"start":{"line":25,"column":6},"end":{"line":25,"column":null}},"8":{"start":{"line":26,"column":6},"end":{"line":26,"column":null}},"9":{"start":{"line":27,"column":6},"end":{"line":27,"column":null}},"10":{"start":{"line":32,"column":4},"end":{"line":32,"column":null}},"11":{"start":{"line":35,"column":2},"end":{"line":130,"column":null}},"12":{"start":{"line":55,"column":16},"end":{"line":55,"column":133}},"13":{"start":{"line":63,"column":16},"end":{"line":63,"column":133}},"14":{"start":{"line":71,"column":16},"end":{"line":71,"column":133}},"15":{"start":{"line":79,"column":16},"end":{"line":79,"column":133}},"16":{"start":{"line":106,"column":16},"end":{"line":106,"column":35}},"17":{"start":{"line":110,"column":35},"end":{"line":110,"column":61}},"18":{"start":{"line":118,"column":22},"end":{"line":118,"column":null}}},"fnMap":{"0":{"name":"AppShell","decl":{"start":{"line":11,"column":16},"end":{"line":11,"column":24}},"loc":{"start":{"line":11,"column":24},"end":{"line":131,"column":1}}},"1":{"name":"onLogout","decl":{"start":{"line":18,"column":17},"end":{"line":18,"column":25}},"loc":{"start":{"line":18,"column":25},"end":{"line":29,"column":3}}},"2":{"name":"onDemoSeeded","decl":{"start":{"line":31,"column":11},"end":{"line":31,"column":23}},"loc":{"start":{"line":31,"column":23},"end":{"line":33,"column":3}}},"3":{"name":"(anonymous_3)","decl":{"start":{"line":54,"column":25},"end":{"line":54,"column":26}},"loc":{"start":{"line":55,"column":16},"end":{"line":55,"column":133}}},"4":{"name":"(anonymous_4)","decl":{"start":{"line":62,"column":25},"end":{"line":62,"column":26}},"loc":{"start":{"line":63,"column":16},"end":{"line":63,"column":133}}},"5":{"name":"(anonymous_5)","decl":{"start":{"line":70,"column":25},"end":{"line":70,"column":26}},"loc":{"start":{"line":71,"column":16},"end":{"line":71,"column":133}}},"6":{"name":"(anonymous_6)","decl":{"start":{"line":78,"column":25},"end":{"line":78,"column":26}},"loc":{"start":{"line":79,"column":16},"end":{"line":79,"column":133}}},"7":{"name":"(anonymous_7)","decl":{"start":{"line":105,"column":62},"end":{"line":105,"column":63}},"loc":{"start":{"line":106,"column":16},"end":{"line":106,"column":35}}},"8":{"name":"(anonymous_8)","decl":{"start":{"line":110,"column":29},"end":{"line":110,"column":32}},"loc":{"start":{"line":110,"column":35},"end":{"line":110,"column":61}}},"9":{"name":"(anonymous_9)","decl":{"start":{"line":117,"column":29},"end":{"line":117,"column":32}},"loc":{"start":{"line":117,"column":34},"end":{"line":119,"column":21}}}},"branchMap":{"0":{"loc":{"start":{"line":42,"column":13},"end":{"line":47,"column":20}},"type":"cond-expr","locations":[{"start":{"line":43,"column":14},"end":{"line":45,"column":null}},{"start":{"line":47,"column":16},"end":{"line":47,"column":20}}]},"1":{"loc":{"start":{"line":55,"column":36},"end":{"line":55,"column":131}},"type":"cond-expr","locations":[{"start":{"line":55,"column":47},"end":{"line":55,"column":126}},{"start":{"line":55,"column":129},"end":{"line":55,"column":131}}]},"2":{"loc":{"start":{"line":63,"column":36},"end":{"line":63,"column":131}},"type":"cond-expr","locations":[{"start":{"line":63,"column":47},"end":{"line":63,"column":126}},{"start":{"line":63,"column":129},"end":{"line":63,"column":131}}]},"3":{"loc":{"start":{"line":71,"column":36},"end":{"line":71,"column":131}},"type":"cond-expr","locations":[{"start":{"line":71,"column":47},"end":{"line":71,"column":126}},{"start":{"line":71,"column":129},"end":{"line":71,"column":131}}]},"4":{"loc":{"start":{"line":79,"column":36},"end":{"line":79,"column":131}},"type":"cond-expr","locations":[{"start":{"line":79,"column":47},"end":{"line":79,"column":126}},{"start":{"line":79,"column":129},"end":{"line":79,"column":131}}]},"5":{"loc":{"start":{"line":90,"column":15},"end":{"line":90,"column":57}},"type":"cond-expr","locations":[{"start":{"line":90,"column":30},"end":{"line":90,"column":46}},{"start":{"line":90,"column":49},"end":{"line":90,"column":57}}]}},"s":{"0":91,"1":91,"2":91,"3":91,"4":2,"5":2,"6":2,"7":2,"8":2,"9":2,"10":0,"11":91,"12":91,"13":91,"14":91,"15":91,"16":273,"17":0,"18":0},"f":{"0":91,"1":2,"2":0,"3":91,"4":91,"5":91,"6":91,"7":273,"8":0,"9":0},"b":{"0":[49,42],"1":[41,50],"2":[9,82],"3":[7,84],"4":[10,81],"5":[2,89]}}
,"/Users/lucasholliday/project-repository-lucasholliday/frontend/src/pages/DiscoverPage.tsx": {"path":"/Users/lucasholliday/project-repository-lucasholliday/frontend/src/pages/DiscoverPage.tsx","statementMap":{"0":{"start":{"line":12,"column":28},"end":{"line":12,"column":85}},"1":{"start":{"line":19,"column":17},"end":{"line":19,"column":26}},"2":{"start":{"line":20,"column":24},"end":{"line":20,"column":34}},"3":{"start":{"line":21,"column":28},"end":{"line":21,"column":40}},"4":{"start":{"line":22,"column":32},"end":{"line":22,"column":60}},"5":{"start":{"line":23,"column":40},"end":{"line":23,"column":55}},"6":{"start":{"line":24,"column":28},"end":{"line":24,"column":57}},"7":{"start":{"line":25,"column":20},"end":{"line":25,"column":79}},"8":{"start":{"line":25,"column":57},"end":{"line":25,"column":78}},"9":{"start":{"line":28,"column":4},"end":{"line":28,"column":null}},"10":{"start":{"line":29,"column":14},"end":{"line":29,"column":26}},"11":{"start":{"line":30,"column":4},"end":{"line":34,"column":5}},"12":{"start":{"line":31,"column":6},"end":{"line":31,"column":null}},"13":{"start":{"line":32,"column":6},"end":{"line":32,"column":null}},"14":{"start":{"line":33,"column":6},"end":{"line":33,"column":12}},"15":{"start":{"line":36,"column":4},"end":{"line":36,"column":null}},"16":{"start":{"line":37,"column":4},"end":{"line":37,"column":null}},"17":{"start":{"line":38,"column":4},"end":{"line":49,"column":5}},"18":{"start":{"line":39,"column":22},"end":{"line":39,"column":116}},"19":{"start":{"line":40,"column":6},"end":{"line":40,"column":null}},"20":{"start":{"line":41,"column":6},"end":{"line":43,"column":7}},"21":{"start":{"line":42,"column":8},"end":{"line":42,"column":null}},"22":{"start":{"line":45,"column":6},"end":{"line":45,"column":null}},"23":{"start":{"line":46,"column":6},"end":{"line":46,"column":null}},"24":{"start":{"line":48,"column":6},"end":{"line":48,"column":null}},"25":{"start":{"line":52,"column":2},"end":{"line":109,"column":null}},"26":{"start":{"line":65,"column":33},"end":{"line":65,"column":61}},"27":{"start":{"line":81,"column":14},"end":{"line":81,"column":null}},"28":{"start":{"line":96,"column":10},"end":{"line":96,"column":31}}},"fnMap":{"0":{"name":"DiscoverPage","decl":{"start":{"line":18,"column":16},"end":{"line":18,"column":28}},"loc":{"start":{"line":18,"column":28},"end":{"line":110,"column":1}}},"1":{"name":"(anonymous_1)","decl":{"start":{"line":25,"column":47},"end":{"line":25,"column":48}},"loc":{"start":{"line":25,"column":57},"end":{"line":25,"column":78}}},"2":{"name":"onSearch","decl":{"start":{"line":27,"column":17},"end":{"line":27,"column":25}},"loc":{"start":{"line":27,"column":59},"end":{"line":50,"column":3}}},"3":{"name":"(anonymous_3)","decl":{"start":{"line":65,"column":22},"end":{"line":65,"column":23}},"loc":{"start":{"line":65,"column":33},"end":{"line":65,"column":61}}},"4":{"name":"(anonymous_4)","decl":{"start":{"line":80,"column":25},"end":{"line":80,"column":26}},"loc":{"start":{"line":81,"column":14},"end":{"line":81,"column":null}}},"5":{"name":"(anonymous_5)","decl":{"start":{"line":95,"column":23},"end":{"line":95,"column":24}},"loc":{"start":{"line":96,"column":10},"end":{"line":96,"column":31}}}},"branchMap":{"0":{"loc":{"start":{"line":30,"column":4},"end":{"line":34,"column":5}},"type":"if","locations":[{"start":{"line":30,"column":4},"end":{"line":34,"column":5}},{"start":{},"end":{}}]},"1":{"loc":{"start":{"line":41,"column":6},"end":{"line":43,"column":7}},"type":"if","locations":[{"start":{"line":41,"column":6},"end":{"line":43,"column":7}},{"start":{},"end":{}}]},"2":{"loc":{"start":{"line":70,"column":13},"end":{"line":70,"column":52}},"type":"cond-expr","locations":[{"start":{"line":70,"column":27},"end":{"line":70,"column":41}},{"start":{"line":70,"column":44},"end":{"line":70,"column":52}}]},"3":{"loc":{"start":{"line":73,"column":9},"end":{"line":73,"column":89}},"type":"cond-expr","locations":[{"start":{"line":73,"column":17},"end":{"line":73,"column":82}},{"start":{"line":73,"column":85},"end":{"line":73,"column":89}}]},"4":{"loc":{"start":{"line":76,"column":7},"end":{"line":92,"column":14}},"type":"cond-expr","locations":[{"start":{"line":77,"column":8},"end":{"line":90,"column":null}},{"start":{"line":92,"column":10},"end":{"line":92,"column":14}}]}},"s":{"0":15,"1":13,"2":13,"3":13,"4":13,"5":13,"6":13,"7":13,"8":52,"9":1,"10":1,"11":1,"12":0,"13":0,"14":0,"15":1,"16":1,"17":1,"18":1,"19":1,"20":1,"21":0,"22":0,"23":0,"24":1,"25":13,"26":4,"27":2,"28":52},"f":{"0":13,"1":52,"2":1,"3":4,"4":2,"5":52},"b":{"0":[0,1],"1":[0,1],"2":[1,12],"3":[0,13],"4":[1,12]}}
,"/Users/lucasholliday/project-repository-lucasholliday/frontend/src/pages/HomeFeedPage.tsx": {"path":"/Users/lucasholliday/project-repository-lucasholliday/frontend/src/pages/HomeFeedPage.tsx","statementMap":{"0":{"start":{"line":10,"column":18},"end":{"line":10,"column":20}},"1":{"start":{"line":27,"column":19},"end":{"line":27,"column":103}},"2":{"start":{"line":29,"column":2},"end":{"line":44,"column":null}},"3":{"start":{"line":31,"column":17},"end":{"line":31,"column":41}},"4":{"start":{"line":32,"column":6},"end":{"line":32,"column":null}},"5":{"start":{"line":32,"column":43},"end":{"line":32,"column":null}},"6":{"start":{"line":33,"column":6},"end":{"line":33,"column":null}},"7":{"start":{"line":33,"column":47},"end":{"line":33,"column":null}},"8":{"start":{"line":35,"column":6},"end":{"line":42,"column":null}},"9":{"start":{"line":44,"column":39},"end":{"line":44,"column":53}},"10":{"start":{"line":48,"column":17},"end":{"line":48,"column":26}},"11":{"start":{"line":49,"column":30},"end":{"line":49,"column":51}},"12":{"start":{"line":50,"column":32},"end":{"line":50,"column":46}},"13":{"start":{"line":51,"column":30},"end":{"line":51,"column":41}},"14":{"start":{"line":54,"column":4},"end":{"line":54,"column":null}},"15":{"start":{"line":55,"column":4},"end":{"line":70,"column":5}},"16":{"start":{"line":56,"column":27},"end":{"line":56,"column":104}},"17":{"start":{"line":57,"column":19},"end":{"line":57,"column":54}},"18":{"start":{"line":58,"column":6},"end":{"line":62,"column":7}},"19":{"start":{"line":59,"column":8},"end":{"line":59,"column":null}},"20":{"start":{"line":61,"column":8},"end":{"line":61,"column":null}},"21":{"start":{"line":61,"column":28},"end":{"line":61,"column":46}},"22":{"start":{"line":63,"column":6},"end":{"line":63,"column":null}},"23":{"start":{"line":65,"column":6},"end":{"line":67,"column":7}},"24":{"start":{"line":66,"column":8},"end":{"line":66,"column":null}},"25":{"start":{"line":69,"column":6},"end":{"line":69,"column":null}},"26":{"start":{"line":73,"column":2},"end":{"line":75,"column":null}},"27":{"start":{"line":74,"column":4},"end":{"line":74,"column":null}},"28":{"start":{"line":77,"column":2},"end":{"line":85,"column":null}},"29":{"start":{"line":79,"column":6},"end":{"line":79,"column":null}},"30":{"start":{"line":81,"column":4},"end":{"line":81,"column":null}},"31":{"start":{"line":82,"column":4},"end":{"line":84,"column":null}},"32":{"start":{"line":83,"column":6},"end":{"line":83,"column":null}},"33":{"start":{"line":87,"column":2},"end":{"line":159,"column":null}},"34":{"start":{"line":113,"column":12},"end":{"line":113,"column":null}},"35":{"start":{"line":122,"column":12},"end":{"line":122,"column":null}},"36":{"start":{"line":132,"column":12},"end":{"line":132,"column":26}},"37":{"start":{"line":148,"column":10},"end":{"line":149,"column":null}},"38":{"start":{"line":153,"column":14},"end":{"line":153,"column":null}},"39":{"start":{"line":153,"column":34},"end":{"line":153,"column":76}},"40":{"start":{"line":153,"column":56},"end":{"line":153,"column":75}}},"fnMap":{"0":{"name":"normalizeFeedResponse","decl":{"start":{"line":26,"column":9},"end":{"line":26,"column":30}},"loc":{"start":{"line":26,"column":52},"end":{"line":45,"column":1}}},"1":{"name":"(anonymous_1)","decl":{"start":{"line":30,"column":9},"end":{"line":30,"column":10}},"loc":{"start":{"line":30,"column":32},"end":{"line":43,"column":5}}},"2":{"name":"(anonymous_2)","decl":{"start":{"line":44,"column":12},"end":{"line":44,"column":13}},"loc":{"start":{"line":44,"column":39},"end":{"line":44,"column":53}}},"3":{"name":"HomeFeedPage","decl":{"start":{"line":47,"column":16},"end":{"line":47,"column":28}},"loc":{"start":{"line":47,"column":28},"end":{"line":160,"column":1}}},"4":{"name":"loadPage","decl":{"start":{"line":53,"column":17},"end":{"line":53,"column":25}},"loc":{"start":{"line":53,"column":72},"end":{"line":71,"column":3}}},"5":{"name":"(anonymous_5)","decl":{"start":{"line":61,"column":18},"end":{"line":61,"column":19}},"loc":{"start":{"line":61,"column":28},"end":{"line":61,"column":46}}},"6":{"name":"(anonymous_6)","decl":{"start":{"line":73,"column":12},"end":{"line":73,"column":15}},"loc":{"start":{"line":73,"column":17},"end":{"line":75,"column":3}}},"7":{"name":"(anonymous_7)","decl":{"start":{"line":77,"column":12},"end":{"line":77,"column":15}},"loc":{"start":{"line":77,"column":17},"end":{"line":85,"column":3}}},"8":{"name":"onDemoSeeded","decl":{"start":{"line":78,"column":13},"end":{"line":78,"column":25}},"loc":{"start":{"line":78,"column":25},"end":{"line":80,"column":5}}},"9":{"name":"(anonymous_9)","decl":{"start":{"line":82,"column":11},"end":{"line":82,"column":14}},"loc":{"start":{"line":82,"column":16},"end":{"line":84,"column":5}}},"10":{"name":"(anonymous_10)","decl":{"start":{"line":112,"column":19},"end":{"line":112,"column":22}},"loc":{"start":{"line":112,"column":24},"end":{"line":114,"column":11}}},"11":{"name":"(anonymous_11)","decl":{"start":{"line":121,"column":19},"end":{"line":121,"column":22}},"loc":{"start":{"line":121,"column":24},"end":{"line":123,"column":11}}},"12":{"name":"(anonymous_12)","decl":{"start":{"line":131,"column":25},"end":{"line":131,"column":26}},"loc":{"start":{"line":132,"column":12},"end":{"line":132,"column":26}}},"13":{"name":"(anonymous_13)","decl":{"start":{"line":147,"column":20},"end":{"line":147,"column":21}},"loc":{"start":{"line":148,"column":10},"end":{"line":149,"column":null}}},"14":{"name":"(anonymous_14)","decl":{"start":{"line":152,"column":22},"end":{"line":152,"column":23}},"loc":{"start":{"line":152,"column":34},"end":{"line":154,"column":13}}},"15":{"name":"(anonymous_15)","decl":{"start":{"line":153,"column":24},"end":{"line":153,"column":25}},"loc":{"start":{"line":153,"column":34},"end":{"line":153,"column":76}}},"16":{"name":"(anonymous_16)","decl":{"start":{"line":153,"column":46},"end":{"line":153,"column":47}},"loc":{"start":{"line":153,"column":56},"end":{"line":153,"column":75}}}},"branchMap":{"0":{"loc":{"start":{"line":27,"column":19},"end":{"line":27,"column":103}},"type":"cond-expr","locations":[{"start":{"line":27,"column":44},"end":{"line":27,"column":51}},{"start":{"line":27,"column":54},"end":{"line":27,"column":103}}]},"1":{"loc":{"start":{"line":27,"column":54},"end":{"line":27,"column":103}},"type":"cond-expr","locations":[{"start":{"line":27,"column":85},"end":{"line":27,"column":98}},{"start":{"line":27,"column":101},"end":{"line":27,"column":103}}]},"2":{"loc":{"start":{"line":31,"column":17},"end":{"line":31,"column":41}},"type":"binary-expr","locations":[{"start":{"line":31,"column":17},"end":{"line":31,"column":24}},{"start":{"line":31,"column":28},"end":{"line":31,"column":41}}]},"3":{"loc":{"start":{"line":32,"column":6},"end":{"line":32,"column":null}},"type":"if","locations":[{"start":{"line":32,"column":6},"end":{"line":32,"column":null}},{"start":{},"end":{}}]},"4":{"loc":{"start":{"line":32,"column":10},"end":{"line":32,"column":41}},"type":"binary-expr","locations":[{"start":{"line":32,"column":10},"end":{"line":32,"column":26}},{"start":{"line":32,"column":30},"end":{"line":32,"column":41}}]},"5":{"loc":{"start":{"line":33,"column":6},"end":{"line":33,"column":null}},"type":"if","locations":[{"start":{"line":33,"column":6},"end":{"line":33,"column":null}},{"start":{},"end":{}}]},"6":{"loc":{"start":{"line":33,"column":10},"end":{"line":33,"column":45}},"type":"binary-expr","locations":[{"start":{"line":33,"column":10},"end":{"line":33,"column":31}},{"start":{"line":33,"column":35},"end":{"line":33,"column":45}}]},"7":{"loc":{"start":{"line":39,"column":19},"end":{"line":39,"column":57}},"type":"binary-expr","locations":[{"start":{"line":39,"column":19},"end":{"line":39,"column":33}},{"start":{"line":39,"column":37},"end":{"line":39,"column":52}},{"start":{"line":39,"column":56},"end":{"line":39,"column":57}}]},"8":{"loc":{"start":{"line":40,"column":19},"end":{"line":40,"column":65}},"type":"binary-expr","locations":[{"start":{"line":40,"column":19},"end":{"line":40,"column":33}},{"start":{"line":40,"column":37},"end":{"line":40,"column":56}},{"start":{"line":40,"column":60},"end":{"line":40,"column":65}}]},"9":{"loc":{"start":{"line":41,"column":23},"end":{"line":41,"column":77}},"type":"binary-expr","locations":[{"start":{"line":41,"column":23},"end":{"line":41,"column":41}},{"start":{"line":41,"column":45},"end":{"line":41,"column":68}},{"start":{"line":41,"column":72},"end":{"line":41,"column":77}}]},"10":{"loc":{"start":{"line":58,"column":6},"end":{"line":62,"column":7}},"type":"if","locations":[{"start":{"line":58,"column":6},"end":{"line":62,"column":7}},{"start":{"line":60,"column":13},"end":{"line":62,"column":7}}]},"11":{"loc":{"start":{"line":65,"column":6},"end":{"line":67,"column":7}},"type":"if","locations":[{"start":{"line":65,"column":6},"end":{"line":67,"column":7}},{"start":{},"end":{}}]},"12":{"loc":{"start":{"line":91,"column":9},"end":{"line":91,"column":108}},"type":"cond-expr","locations":[{"start":{"line":91,"column":14},"end":{"line":91,"column":101}},{"start":{"line":91,"column":104},"end":{"line":91,"column":108}}]},"13":{"loc":{"start":{"line":129,"column":7},"end":{"line":139,"column":14}},"type":"cond-expr","locations":[{"start":{"line":130,"column":8},"end":{"line":137,"column":null}},{"start":{"line":139,"column":10},"end":{"line":139,"column":14}}]},"14":{"loc":{"start":{"line":140,"column":7},"end":{"line":144,"column":14}},"type":"cond-expr","locations":[{"start":{"line":141,"column":8},"end":{"line":142,"column":null}},{"start":{"line":144,"column":10},"end":{"line":144,"column":14}}]},"15":{"loc":{"start":{"line":140,"column":7},"end":{"line":140,"column":38}},"type":"binary-expr","locations":[{"start":{"line":140,"column":7},"end":{"line":140,"column":15}},{"start":{"line":140,"column":19},"end":{"line":140,"column":38}}]}},"s":{"0":15,"1":25,"2":25,"3":11,"4":11,"5":0,"6":11,"7":0,"8":11,"9":11,"10":46,"11":46,"12":46,"13":46,"14":25,"15":25,"16":25,"17":25,"18":25,"19":24,"20":1,"21":1,"22":25,"23":0,"24":0,"25":25,"26":46,"27":23,"28":46,"29":0,"30":23,"31":23,"32":23,"33":46,"34":1,"35":1,"36":78,"37":14,"38":1,"39":1,"40":1},"f":{"0":25,"1":11,"2":11,"3":46,"4":25,"5":1,"6":23,"7":23,"8":0,"9":23,"10":1,"11":1,"12":78,"13":14,"14":1,"15":1,"16":1},"b":{"0":[24,1],"1":[1,0],"2":[11,1],"3":[0,11],"4":[11,11],"5":[0,11],"6":[11,11],"7":[11,11,11],"8":[11,11,10],"9":[11,11,11],"10":[24,1],"11":[0,0],"12":[26,20],"13":[26,20],"14":[10,36],"15":[46,20]}}
,"/Users/lucasholliday/project-repository-lucasholliday/frontend/src/pages/LoginPage.tsx": {"path":"/Users/lucasholliday/project-repository-lucasholliday/frontend/src/pages/LoginPage.tsx","statementMap":{"0":{"start":{"line":14,"column":19},"end":{"line":14,"column":32}},"1":{"start":{"line":15,"column":15},"end":{"line":15,"column":24}},"2":{"start":{"line":16,"column":24},"end":{"line":16,"column":34}},"3":{"start":{"line":17,"column":34},"end":{"line":17,"column":46}},"4":{"start":{"line":18,"column":34},"end":{"line":18,"column":46}},"5":{"start":{"line":19,"column":28},"end":{"line":19,"column":57}},"6":{"start":{"line":20,"column":42},"end":{"line":20,"column":57}},"7":{"start":{"line":23,"column":4},"end":{"line":23,"column":null}},"8":{"start":{"line":25,"column":4},"end":{"line":54,"column":5}},"9":{"start":{"line":26,"column":6},"end":{"line":26,"column":null}},"10":{"start":{"line":27,"column":6},"end":{"line":27,"column":null}},"11":{"start":{"line":28,"column":19},"end":{"line":31,"column":8}},"12":{"start":{"line":33,"column":20},"end":{"line":33,"column":51}},"13":{"start":{"line":34,"column":6},"end":{"line":37,"column":7}},"14":{"start":{"line":35,"column":8},"end":{"line":35,"column":null}},"15":{"start":{"line":36,"column":8},"end":{"line":36,"column":14}},"16":{"start":{"line":39,"column":6},"end":{"line":39,"column":null}},"17":{"start":{"line":40,"column":17},"end":{"line":40,"column":119}},"18":{"start":{"line":41,"column":6},"end":{"line":41,"column":null}},"19":{"start":{"line":42,"column":6},"end":{"line":42,"column":null}},"20":{"start":{"line":43,"column":6},"end":{"line":43,"column":null}},"21":{"start":{"line":45,"column":6},"end":{"line":49,"column":7}},"22":{"start":{"line":46,"column":8},"end":{"line":46,"column":null}},"23":{"start":{"line":47,"column":8},"end":{"line":47,"column":null}},"24":{"start":{"line":48,"column":8},"end":{"line":48,"column":14}},"25":{"start":{"line":50,"column":6},"end":{"line":50,"column":null}},"26":{"start":{"line":51,"column":6},"end":{"line":51,"column":null}},"27":{"start":{"line":53,"column":6},"end":{"line":53,"column":null}},"28":{"start":{"line":57,"column":2},"end":{"line":100,"column":null}},"29":{"start":{"line":68,"column":14},"end":{"line":68,"column":null}},"30":{"start":{"line":69,"column":14},"end":{"line":69,"column":null}},"31":{"start":{"line":78,"column":14},"end":{"line":78,"column":null}},"32":{"start":{"line":79,"column":14},"end":{"line":79,"column":null}}},"fnMap":{"0":{"name":"LoginPage","decl":{"start":{"line":13,"column":16},"end":{"line":13,"column":25}},"loc":{"start":{"line":13,"column":25},"end":{"line":101,"column":1}}},"1":{"name":"onSubmit","decl":{"start":{"line":22,"column":17},"end":{"line":22,"column":25}},"loc":{"start":{"line":22,"column":59},"end":{"line":55,"column":3}}},"2":{"name":"(anonymous_2)","decl":{"start":{"line":67,"column":22},"end":{"line":67,"column":23}},"loc":{"start":{"line":67,"column":32},"end":{"line":70,"column":13}}},"3":{"name":"(anonymous_3)","decl":{"start":{"line":77,"column":22},"end":{"line":77,"column":23}},"loc":{"start":{"line":77,"column":32},"end":{"line":80,"column":13}}}},"branchMap":{"0":{"loc":{"start":{"line":33,"column":20},"end":{"line":33,"column":51}},"type":"binary-expr","locations":[{"start":{"line":33,"column":20},"end":{"line":33,"column":30}},{"start":{"line":33,"column":34},"end":{"line":33,"column":51}}]},"1":{"loc":{"start":{"line":34,"column":6},"end":{"line":37,"column":7}},"type":"if","locations":[{"start":{"line":34,"column":6},"end":{"line":37,"column":7}},{"start":{},"end":{}}]},"2":{"loc":{"start":{"line":45,"column":6},"end":{"line":49,"column":7}},"type":"if","locations":[{"start":{"line":45,"column":6},"end":{"line":49,"column":7}},{"start":{},"end":{}}]},"3":{"loc":{"start":{"line":45,"column":10},"end":{"line":45,"column":55}},"type":"binary-expr","locations":[{"start":{"line":45,"column":10},"end":{"line":45,"column":33}},{"start":{"line":45,"column":37},"end":{"line":45,"column":55}}]},"4":{"loc":{"start":{"line":82,"column":11},"end":{"line":86,"column":18}},"type":"cond-expr","locations":[{"start":{"line":83,"column":12},"end":{"line":84,"column":null}},{"start":{"line":86,"column":14},"end":{"line":86,"column":18}}]},"5":{"loc":{"start":{"line":88,"column":13},"end":{"line":88,"column":55}},"type":"cond-expr","locations":[{"start":{"line":88,"column":28},"end":{"line":88,"column":43}},{"start":{"line":88,"column":46},"end":{"line":88,"column":55}}]}},"s":{"0":53,"1":53,"2":53,"3":53,"4":53,"5":53,"6":53,"7":3,"8":3,"9":3,"10":3,"11":3,"12":1,"13":1,"14":0,"15":0,"16":1,"17":1,"18":1,"19":1,"20":1,"21":2,"22":2,"23":2,"24":2,"25":0,"26":0,"27":3,"28":53,"29":16,"30":16,"31":19,"32":19},"f":{"0":53,"1":3,"2":16,"3":19},"b":{"0":[1,0],"1":[0,1],"2":[2,0],"3":[2,2],"4":[2,51],"5":[3,50]}}
,"/Users/lucasholliday/project-repository-lucasholliday/frontend/src/pages/MyProfilePage.tsx": {"path":"/Users/lucasholliday/project-repository-lucasholliday/frontend/src/pages/MyProfilePage.tsx","statementMap":{"0":{"start":{"line":18,"column":24},"end":{"line":18,"column":33}},"1":{"start":{"line":19,"column":34},"end":{"line":19,"column":46}},"2":{"start":{"line":20,"column":24},"end":{"line":20,"column":36}},"3":{"start":{"line":21,"column":46},"end":{"line":21,"column":58}},"4":{"start":{"line":23,"column":2},"end":{"line":27,"column":null}},"5":{"start":{"line":24,"column":4},"end":{"line":24,"column":null}},"6":{"start":{"line":25,"column":4},"end":{"line":25,"column":null}},"7":{"start":{"line":26,"column":4},"end":{"line":26,"column":null}},"8":{"start":{"line":30,"column":4},"end":{"line":30,"column":null}},"9":{"start":{"line":32,"column":20},"end":{"line":39,"column":6}},"10":{"start":{"line":41,"column":4},"end":{"line":41,"column":null}},"11":{"start":{"line":44,"column":2},"end":{"line":81,"column":null}},"12":{"start":{"line":65,"column":96},"end":{"line":65,"column":127}},"13":{"start":{"line":67,"column":81},"end":{"line":67,"column":107}},"14":{"start":{"line":73,"column":31},"end":{"line":73,"column":68}}},"fnMap":{"0":{"name":"MyProfilePage","decl":{"start":{"line":17,"column":16},"end":{"line":17,"column":29}},"loc":{"start":{"line":17,"column":29},"end":{"line":82,"column":1}}},"1":{"name":"(anonymous_1)","decl":{"start":{"line":23,"column":12},"end":{"line":23,"column":15}},"loc":{"start":{"line":23,"column":17},"end":{"line":27,"column":3}}},"2":{"name":"onSubmit","decl":{"start":{"line":29,"column":17},"end":{"line":29,"column":25}},"loc":{"start":{"line":29,"column":59},"end":{"line":42,"column":3}}},"3":{"name":"(anonymous_3)","decl":{"start":{"line":65,"column":85},"end":{"line":65,"column":86}},"loc":{"start":{"line":65,"column":96},"end":{"line":65,"column":127}}},"4":{"name":"(anonymous_4)","decl":{"start":{"line":67,"column":70},"end":{"line":67,"column":71}},"loc":{"start":{"line":67,"column":81},"end":{"line":67,"column":107}}},"5":{"name":"(anonymous_5)","decl":{"start":{"line":73,"column":20},"end":{"line":73,"column":21}},"loc":{"start":{"line":73,"column":31},"end":{"line":73,"column":68}}}},"branchMap":{"0":{"loc":{"start":{"line":24,"column":16},"end":{"line":24,"column":34}},"type":"binary-expr","locations":[{"start":{"line":24,"column":16},"end":{"line":24,"column":28}},{"start":{"line":24,"column":32},"end":{"line":24,"column":34}}]},"1":{"loc":{"start":{"line":25,"column":11},"end":{"line":25,"column":24}},"type":"binary-expr","locations":[{"start":{"line":25,"column":11},"end":{"line":25,"column":18}},{"start":{"line":25,"column":22},"end":{"line":25,"column":24}}]},"2":{"loc":{"start":{"line":26,"column":22},"end":{"line":26,"column":47}},"type":"binary-expr","locations":[{"start":{"line":26,"column":22},"end":{"line":26,"column":41}},{"start":{"line":26,"column":45},"end":{"line":26,"column":47}}]},"3":{"loc":{"start":{"line":50,"column":75},"end":{"line":50,"column":100}},"type":"binary-expr","locations":[{"start":{"line":50,"column":75},"end":{"line":50,"column":87}},{"start":{"line":50,"column":91},"end":{"line":50,"column":100}}]},"4":{"loc":{"start":{"line":53,"column":9},"end":{"line":56,"column":null}},"type":"cond-expr","locations":[{"start":{"line":54,"column":10},"end":{"line":54,"column":121}},{"start":{"line":56,"column":10},"end":{"line":56,"column":52}}]},"5":{"loc":{"start":{"line":56,"column":28},"end":{"line":56,"column":48}},"type":"binary-expr","locations":[{"start":{"line":56,"column":28},"end":{"line":56,"column":40}},{"start":{"line":56,"column":44},"end":{"line":56,"column":48}}]},"6":{"loc":{"start":{"line":60,"column":70},"end":{"line":60,"column":97}},"type":"cond-expr","locations":[{"start":{"line":60,"column":80},"end":{"line":60,"column":86}},{"start":{"line":60,"column":89},"end":{"line":60,"column":97}}]}},"s":{"0":24,"1":24,"2":24,"3":24,"4":24,"5":10,"6":10,"7":10,"8":1,"9":1,"10":1,"11":24,"12":0,"13":12,"14":0},"f":{"0":24,"1":10,"2":1,"3":0,"4":12,"5":0},"b":{"0":[10,4],"1":[10,9],"2":[10,10],"3":[24,4],"4":[0,24],"5":[24,4],"6":[1,23]}}
,"/Users/lucasholliday/project-repository-lucasholliday/frontend/src/pages/NotFoundPage.tsx": {"path":"/Users/lucasholliday/project-repository-lucasholliday/frontend/src/pages/NotFoundPage.tsx","statementMap":{"0":{"start":{"line":5,"column":2},"end":{"line":18,"column":null}}},"fnMap":{"0":{"name":"NotFoundPage","decl":{"start":{"line":4,"column":16},"end":{"line":4,"column":28}},"loc":{"start":{"line":4,"column":28},"end":{"line":19,"column":1}}}},"branchMap":{},"s":{"0":1},"f":{"0":1},"b":{}}
,"/Users/lucasholliday/project-repository-lucasholliday/frontend/src/pages/PostReplyPage.tsx": {"path":"/Users/lucasholliday/project-repository-lucasholliday/frontend/src/pages/PostReplyPage.tsx","statementMap":{"0":{"start":{"line":9,"column":22},"end":{"line":9,"column":25}},"1":{"start":{"line":12,"column":19},"end":{"line":12,"column":32}},"2":{"start":{"line":13,"column":27},"end":{"line":13,"column":38}},"3":{"start":{"line":14,"column":26},"end":{"line":14,"column":38}},"4":{"start":{"line":15,"column":18},"end":{"line":15,"column":45}},"5":{"start":{"line":16,"column":20},"end":{"line":16,"column":54}},"6":{"start":{"line":19,"column":4},"end":{"line":19,"column":null}},"7":{"start":{"line":20,"column":4},"end":{"line":20,"column":26}},"8":{"start":{"line":20,"column":20},"end":{"line":20,"column":26}},"9":{"start":{"line":22,"column":4},"end":{"line":27,"column":null}},"10":{"start":{"line":28,"column":4},"end":{"line":28,"column":null}},"11":{"start":{"line":31,"column":2},"end":{"line":60,"column":null}},"12":{"start":{"line":47,"column":31},"end":{"line":47,"column":58}}},"fnMap":{"0":{"name":"PostReplyPage","decl":{"start":{"line":11,"column":16},"end":{"line":11,"column":29}},"loc":{"start":{"line":11,"column":29},"end":{"line":61,"column":1}}},"1":{"name":"onSubmit","decl":{"start":{"line":18,"column":11},"end":{"line":18,"column":19}},"loc":{"start":{"line":18,"column":59},"end":{"line":29,"column":3}}},"2":{"name":"(anonymous_2)","decl":{"start":{"line":47,"column":20},"end":{"line":47,"column":21}},"loc":{"start":{"line":47,"column":31},"end":{"line":47,"column":58}}}},"branchMap":{"0":{"loc":{"start":{"line":13,"column":10},"end":{"line":13,"column":22}},"type":"default-arg","locations":[{"start":{"line":13,"column":20},"end":{"line":13,"column":22}}]},"1":{"loc":{"start":{"line":16,"column":20},"end":{"line":16,"column":54}},"type":"binary-expr","locations":[{"start":{"line":16,"column":20},"end":{"line":16,"column":42}},{"start":{"line":16,"column":46},"end":{"line":16,"column":54}}]},"2":{"loc":{"start":{"line":20,"column":4},"end":{"line":20,"column":26}},"type":"if","locations":[{"start":{"line":20,"column":4},"end":{"line":20,"column":26}},{"start":{},"end":{}}]},"3":{"loc":{"start":{"line":50,"column":9},"end":{"line":54,"column":16}},"type":"cond-expr","locations":[{"start":{"line":51,"column":10},"end":{"line":51,"column":null}},{"start":{"line":54,"column":12},"end":{"line":54,"column":16}}]}},"s":{"0":15,"1":19,"2":19,"3":19,"4":19,"5":19,"6":1,"7":1,"8":0,"9":1,"10":1,"11":19,"12":16},"f":{"0":19,"1":1,"2":16},"b":{"0":[0],"1":[19,16],"2":[0,1],"3":[0,19]}}
[...]
,"/Users/lucasholliday/project-repository-lucasholliday/frontend/src/routes/ProtectedRoute.tsx": {"path":"/Users/lucasholliday/project-repository-lucasholliday/frontend/src/routes/ProtectedRoute.tsx","statementMap":{"0":{"start":{"line":5,"column":30},"end":{"line":5,"column":39}},"1":{"start":{"line":7,"column":2},"end":{"line":9,"column":3}},"2":{"start":{"line":8,"column":4},"end":{"line":8,"column":null}},"3":{"start":{"line":11,"column":2},"end":{"line":11,"column":null}}},"fnMap":{"0":{"name":"ProtectedRoute","decl":{"start":{"line":4,"column":16},"end":{"line":4,"column":30}},"loc":{"start":{"line":4,"column":30},"end":{"line":12,"column":1}}}},"branchMap":{"0":{"loc":{"start":{"line":7,"column":2},"end":{"line":9,"column":3}},"type":"if","locations":[{"start":{"line":7,"column":2},"end":{"line":9,"column":3}},{"start":{},"end":{}}]}},"s":{"0":87,"1":87,"2":7,"3":80},"f":{"0":87},"b":{"0":[7,80]}}
,"/Users/lucasholliday/project-repository-lucasholliday/frontend/src/routes/Router.tsx": {"path":"/Users/lucasholliday/project-repository-lucasholliday/frontend/src/routes/Router.tsx","statementMap":{"0":{"start":{"line":18,"column":2},"end":{"line":42,"column":null}},"1":{"start":{"line":46,"column":2},"end":{"line":50,"column":null}}},"fnMap":{"0":{"name":"AppRoutes","decl":{"start":{"line":17,"column":16},"end":{"line":17,"column":25}},"loc":{"start":{"line":17,"column":25},"end":{"line":43,"column":1}}},"1":{"name":"AppRouter","decl":{"start":{"line":45,"column":16},"end":{"line":45,"column":25}},"loc":{"start":{"line":45,"column":25},"end":{"line":51,"column":1}}}},"branchMap":{},"s":{"0":51,"1":1},"f":{"0":51,"1":1},"b":{}}
,"/Users/lucasholliday/project-repository-lucasholliday/frontend/src/storage/repliesStore.ts": {"path":"/Users/lucasholliday/project-repository-lucasholliday/frontend/src/storage/repliesStore.ts","statementMap":{"0":{"start":{"line":1,"column":20},"end":{"line":1,"column":37}},"1":{"start":{"line":13,"column":14},"end":{"line":13,"column":54}},"2":{"start":{"line":14,"column":2},"end":{"line":14,"column":null}},"3":{"start":{"line":14,"column":12},"end":{"line":14,"column":null}},"4":{"start":{"line":16,"column":2},"end":{"line":20,"column":3}},"5":{"start":{"line":17,"column":4},"end":{"line":17,"column":null}},"6":{"start":{"line":19,"column":4},"end":{"line":19,"column":null}},"7":{"start":{"line":24,"column":2},"end":{"line":24,"column":null}},"8":{"start":{"line":28,"column":16},"end":{"line":28,"column":27}},"9":{"start":{"line":29,"column":2},"end":{"line":29,"column":null}},"10":{"start":{"line":33,"column":16},"end":{"line":33,"column":27}},"11":{"start":{"line":34,"column":18},"end":{"line":34,"column":38}},"12":{"start":{"line":35,"column":2},"end":{"line":35,"column":null}},"13":{"start":{"line":36,"column":2},"end":{"line":36,"column":null}}},"fnMap":{"0":{"name":"readStore","decl":{"start":{"line":12,"column":9},"end":{"line":12,"column":18}},"loc":{"start":{"line":12,"column":18},"end":{"line":21,"column":1}}},"1":{"name":"writeStore","decl":{"start":{"line":23,"column":9},"end":{"line":23,"column":19}},"loc":{"start":{"line":23,"column":41},"end":{"line":25,"column":1}}},"2":{"name":"getReplies","decl":{"start":{"line":27,"column":16},"end":{"line":27,"column":26}},"loc":{"start":{"line":27,"column":42},"end":{"line":30,"column":1}}},"3":{"name":"addReply","decl":{"start":{"line":32,"column":16},"end":{"line":32,"column":24}},"loc":{"start":{"line":32,"column":54},"end":{"line":37,"column":1}}}},"branchMap":{"0":{"loc":{"start":{"line":14,"column":2},"end":{"line":14,"column":null}},"type":"if","locations":[{"start":{"line":14,"column":2},"end":{"line":14,"column":null}},{"start":{},"end":{}}]},"1":{"loc":{"start":{"line":29,"column":9},"end":{"line":29,"column":29}},"type":"binary-expr","locations":[{"start":{"line":29,"column":9},"end":{"line":29,"column":23}},{"start":{"line":29,"column":27},"end":{"line":29,"column":29}}]},"2":{"loc":{"start":{"line":34,"column":18},"end":{"line":34,"column":38}},"type":"binary-expr","locations":[{"start":{"line":34,"column":18},"end":{"line":34,"column":32}},{"start":{"line":34,"column":36},"end":{"line":34,"column":38}}]}},"s":{"0":16,"1":13,"2":13,"3":6,"4":7,"5":7,"6":0,"7":6,"8":7,"9":7,"10":6,"11":6,"12":6,"13":6},"f":{"0":13,"1":6,"2":7,"3":6},"b":{"0":[6,7],"1":[7,2],"2":[6,5]}}
,"/Users/lucasholliday/project-repository-lucasholliday/frontend/src/storage/token.ts": {"path":"/Users/lucasholliday/project-repository-lucasholliday/frontend/src/storage/token.ts","statementMap":{"0":{"start":{"line":1,"column":18},"end":{"line":1,"column":33}},"1":{"start":{"line":4,"column":2},"end":{"line":4,"column":null}},"2":{"start":{"line":8,"column":2},"end":{"line":8,"column":null}},"3":{"start":{"line":12,"column":2},"end":{"line":12,"column":null}}},"fnMap":{"0":{"name":"getToken","decl":{"start":{"line":3,"column":16},"end":{"line":3,"column":24}},"loc":{"start":{"line":3,"column":24},"end":{"line":5,"column":1}}},"1":{"name":"setToken","decl":{"start":{"line":7,"column":16},"end":{"line":7,"column":24}},"loc":{"start":{"line":7,"column":38},"end":{"line":9,"column":1}}},"2":{"name":"clearToken","decl":{"start":{"line":11,"column":16},"end":{"line":11,"column":26}},"loc":{"start":{"line":11,"column":26},"end":{"line":13,"column":1}}}},"branchMap":{},"s":{"0":21,"1":165,"2":6,"3":18},"f":{"0":165,"1":6,"2":18},"b":{}}
,"/Users/lucasholliday/project-repository-lucasholliday/frontend/src/test/server.ts": {"path":"/Users/lucasholliday/project-repository-lucasholliday/frontend/src/test/server.ts","statementMap":{"0":{"start":{"line":4,"column":22},"end":{"line":10,"column":null}},"1":{"start":{"line":6,"column":4},"end":{"line":6,"column":null}},"2":{"start":{"line":9,"column":4},"end":{"line":9,"column":null}}},"fnMap":{"0":{"name":"(anonymous_0)","decl":{"start":{"line":5,"column":23},"end":{"line":5,"column":26}},"loc":{"start":{"line":5,"column":28},"end":{"line":7,"column":3}}},"1":{"name":"(anonymous_1)","decl":{"start":{"line":8,"column":20},"end":{"line":8,"column":23}},"loc":{"start":{"line":8,"column":25},"end":{"line":10,"column":3}}}},"branchMap":{},"s":{"0":23,"1":38,"2":13},"f":{"0":38,"1":13},"b":{}}
,"/Users/lucasholliday/project-repository-lucasholliday/frontend/src/ui/Avatar.tsx": {"path":"/Users/lucasholliday/project-repository-lucasholliday/frontend/src/ui/Avatar.tsx","statementMap":{"0":{"start":{"line":9,"column":18},"end":{"line":9,"column":55}},"1":{"start":{"line":10,"column":2},"end":{"line":10,"column":null}},"2":{"start":{"line":10,"column":16},"end":{"line":10,"column":null}},"3":{"start":{"line":11,"column":2},"end":{"line":11,"column":null}},"4":{"start":{"line":15,"column":2},"end":{"line":25,"column":null}}},"fnMap":{"0":{"name":"initialsFor","decl":{"start":{"line":8,"column":9},"end":{"line":8,"column":20}},"loc":{"start":{"line":8,"column":37},"end":{"line":12,"column":1}}},"1":{"name":"Avatar","decl":{"start":{"line":14,"column":16},"end":{"line":14,"column":22}},"loc":{"start":{"line":14,"column":61},"end":{"line":26,"column":1}}}},"branchMap":{"0":{"loc":{"start":{"line":10,"column":2},"end":{"line":10,"column":null}},"type":"if","locations":[{"start":{"line":10,"column":2},"end":{"line":10,"column":null}},{"start":{},"end":{}}]},"1":{"loc":{"start":{"line":14,"column":35},"end":{"line":14,"column":46}},"type":"default-arg","locations":[{"start":{"line":14,"column":42},"end":{"line":14,"column":46}}]},"2":{"loc":{"start":{"line":20,"column":8},"end":{"line":20,"column":91}},"type":"cond-expr","locations":[{"start":{"line":20,"column":24},"end":{"line":20,"column":55}},{"start":{"line":20,"column":58},"end":{"line":20,"column":91}}]}},"s":{"0":381,"1":381,"2":0,"3":381,"4":381},"f":{"0":381,"1":381},"b":{"0":[0,381],"1":[56],"2":[325,56]}}
,"/Users/lucasholliday/project-repository-lucasholliday/frontend/src/ui/Button.tsx": {"path":"/Users/lucasholliday/project-repository-lucasholliday/frontend/src/ui/Button.tsx","statementMap":{"0":{"start":{"line":14,"column":2},"end":{"line":30,"column":null}}},"fnMap":{"0":{"name":"Button","decl":{"start":{"line":13,"column":16},"end":{"line":13,"column":22}},"loc":{"start":{"line":13,"column":95},"end":{"line":31,"column":1}}}},"branchMap":{"0":{"loc":{"start":{"line":13,"column":36},"end":{"line":13,"column":57}},"type":"default-arg","locations":[{"start":{"line":13,"column":46},"end":{"line":13,"column":57}}]},"1":{"loc":{"start":{"line":13,"column":59},"end":{"line":13,"column":70}},"type":"default-arg","locations":[{"start":{"line":13,"column":66},"end":{"line":13,"column":70}}]},"2":{"loc":{"start":{"line":19,"column":8},"end":{"line":19,"column":69}},"type":"cond-expr","locations":[{"start":{"line":19,"column":24},"end":{"line":19,"column":45}},{"start":{"line":19,"column":48},"end":{"line":19,"column":69}}]},"3":{"loc":{"start":{"line":20,"column":8},"end":{"line":21,"column":133}},"type":"binary-expr","locations":[{"start":{"line":20,"column":8},"end":{"line":20,"column":29}},{"start":{"line":21,"column":10},"end":{"line":21,"column":133}}]},"4":{"loc":{"start":{"line":22,"column":8},"end":{"line":23,"column":171}},"type":"binary-expr","locations":[{"start":{"line":22,"column":8},"end":{"line":22,"column":31}},{"start":{"line":23,"column":10},"end":{"line":23,"column":171}}]},"5":{"loc":{"start":{"line":24,"column":8},"end":{"line":24,"column":129}},"type":"binary-expr","locations":[{"start":{"line":24,"column":8},"end":{"line":24,"column":27}},{"start":{"line":24,"column":31},"end":{"line":24,"column":129}}]},"6":{"loc":{"start":{"line":25,"column":8},"end":{"line":26,"column":100}},"type":"binary-expr","locations":[{"start":{"line":25,"column":8},"end":{"line":25,"column":28}},{"start":{"line":26,"column":10},"end":{"line":26,"column":100}}]}},"s":{"0":1327},"f":{"0":1327},"b":{"0":[547],"1":[700],"2":[627,700],"3":[1327,671],"4":[1327,639],"5":[1327,0],"6":[1327,17]}}
,"/Users/lucasholliday/project-repository-lucasholliday/frontend/src/ui/Card.tsx": {"path":"/Users/lucasholliday/project-repository-lucasholliday/frontend/src/ui/Card.tsx","statementMap":{"0":{"start":{"line":11,"column":20},"end":{"line":11,"column":31}},"1":{"start":{"line":12,"column":2},"end":{"line":12,"column":null}}},"fnMap":{"0":{"name":"Card","decl":{"start":{"line":10,"column":16},"end":{"line":10,"column":20}},"loc":{"start":{"line":10,"column":93},"end":{"line":13,"column":1}}}},"branchMap":{"0":{"loc":{"start":{"line":11,"column":20},"end":{"line":11,"column":31}},"type":"binary-expr","locations":[{"start":{"line":11,"column":20},"end":{"line":11,"column":22}},{"start":{"line":11,"column":26},"end":{"line":11,"column":31}}]}},"s":{"0":1393,"1":1393},"f":{"0":1393},"b":{"0":[1393,616]}}
,"/Users/lucasholliday/project-repository-lucasholliday/frontend/src/ui/IconButton.tsx": {"path":"/Users/lucasholliday/project-repository-lucasholliday/frontend/src/ui/IconButton.tsx","statementMap":{"0":{"start":{"line":12,"column":2},"end":{"line":28,"column":null}}},"fnMap":{"0":{"name":"IconButton","decl":{"start":{"line":11,"column":16},"end":{"line":11,"column":26}},"loc":{"start":{"line":11,"column":96},"end":{"line":29,"column":1}}}},"branchMap":{"0":{"loc":{"start":{"line":11,"column":53},"end":{"line":11,"column":67}},"type":"default-arg","locations":[{"start":{"line":11,"column":62},"end":{"line":11,"column":67}}]},"1":{"loc":{"start":{"line":17,"column":8},"end":{"line":19,"column":168}},"type":"cond-expr","locations":[{"start":{"line":18,"column":12},"end":{"line":18,"column":89}},{"start":{"line":19,"column":12},"end":{"line":19,"column":168}}]},"2":{"loc":{"start":{"line":23,"column":45},"end":{"line":23,"column":65}},"type":"binary-expr","locations":[{"start":{"line":23,"column":45},"end":{"line":23,"column":51}},{"start":{"line":23,"column":55},"end":{"line":23,"column":65}}]},"3":{"loc":{"start":{"line":26,"column":7},"end":{"line":26,"column":104}},"type":"cond-expr","locations":[{"start":{"line":26,"column":35},"end":{"line":26,"column":97}},{"start":{"line":26,"column":100},"end":{"line":26,"column":104}}]}},"s":{"0":130},"f":{"0":130},"b":{"0":[66],"1":[7,123],"2":[130,7],"3":[32,98]}}
,"/Users/lucasholliday/project-repository-lucasholliday/frontend/src/ui/TextField.tsx": {"path":"/Users/lucasholliday/project-repository-lucasholliday/frontend/src/ui/TextField.tsx","statementMap":{"0":{"start":{"line":10,"column":2},"end":{"line":24,"column":null}}},"fnMap":{"0":{"name":"TextField","decl":{"start":{"line":9,"column":16},"end":{"line":9,"column":25}},"loc":{"start":{"line":9,"column":76},"end":{"line":25,"column":1}}}},"branchMap":{},"s":{"0":422},"f":{"0":422},"b":{}}
,"/Users/lucasholliday/project-repository-lucasholliday/frontend/src/ui/cn.ts": {"path":"/Users/lucasholliday/project-repository-lucasholliday/frontend/src/ui/cn.ts","statementMap":{"0":{"start":{"line":2,"column":2},"end":{"line":2,"column":null}}},"fnMap":{"0":{"name":"cn","decl":{"start":{"line":1,"column":16},"end":{"line":1,"column":18}},"loc":{"start":{"line":1,"column":69},"end":{"line":3,"column":1}}}},"branchMap":{},"s":{"0":3783},"f":{"0":3783},"b":{}}
,"/Users/lucasholliday/project-repository-lucasholliday/frontend/src/ui/icons.tsx": {"path":"/Users/lucasholliday/project-repository-lucasholliday/frontend/src/ui/icons.tsx","statementMap":{"0":{"start":{"line":6,"column":2},"end":{"line":10,"column":null}},"1":{"start":{"line":14,"column":2},"end":{"line":19,"column":null}},"2":{"start":{"line":23,"column":2},"end":{"line":27,"column":null}},"3":{"start":{"line":31,"column":2},"end":{"line":38,"column":null}},"4":{"start":{"line":42,"column":2},"end":{"line":50,"column":null}},"5":{"start":{"line":54,"column":2},"end":{"line":62,"column":null}},"6":{"start":{"line":66,"column":2},"end":{"line":71,"column":null}}},"fnMap":{"0":{"name":"BaseIcon","decl":{"start":{"line":5,"column":9},"end":{"line":5,"column":17}},"loc":{"start":{"line":5,"column":51},"end":{"line":11,"column":1}}},"1":{"name":"ThumbUpIcon","decl":{"start":{"line":13,"column":16},"end":{"line":13,"column":27}},"loc":{"start":{"line":13,"column":44},"end":{"line":20,"column":1}}},"2":{"name":"CommentIcon","decl":{"start":{"line":22,"column":16},"end":{"line":22,"column":27}},"loc":{"start":{"line":22,"column":44},"end":{"line":28,"column":1}}},"3":{"name":"RepeatIcon","decl":{"start":{"line":30,"column":16},"end":{"line":30,"column":26}},"loc":{"start":{"line":30,"column":43},"end":{"line":39,"column":1}}},"4":{"name":"ShareIcon","decl":{"start":{"line":41,"column":16},"end":{"line":41,"column":25}},"loc":{"start":{"line":41,"column":42},"end":{"line":51,"column":1}}},"5":{"name":"TrashIcon","decl":{"start":{"line":53,"column":16},"end":{"line":53,"column":25}},"loc":{"start":{"line":53,"column":42},"end":{"line":63,"column":1}}},"6":{"name":"SearchIcon","decl":{"start":{"line":65,"column":16},"end":{"line":65,"column":26}},"loc":{"start":{"line":65,"column":43},"end":{"line":72,"column":1}}}},"branchMap":{},"s":{"0":134,"1":32,"2":36,"3":32,"4":32,"5":2,"6":0},"f":{"0":134,"1":32,"2":36,"3":32,"4":32,"5":2,"6":0},"b":{}}
,"/Users/lucasholliday/project-repository-lucasholliday/frontend/src/ui/toast.tsx": {"path":"/Users/lucasholliday/project-repository-lucasholliday/frontend/src/ui/toast.tsx","statementMap":{"0":{"start":{"line":16,"column":21},"end":{"line":18,"column":2}},"1":{"start":{"line":17,"column":19},"end":{"line":17,"column":28}},"2":{"start":{"line":21,"column":30},"end":{"line":21,"column":51}},"3":{"start":{"line":23,"column":20},"end":{"line":29,"column":8}},"4":{"start":{"line":24,"column":15},"end":{"line":24,"column":60}},"5":{"start":{"line":25,"column":4},"end":{"line":25,"column":null}},"6":{"start":{"line":25,"column":24},"end":{"line":25,"column":56}},"7":{"start":{"line":26,"column":4},"end":{"line":28,"column":null}},"8":{"start":{"line":27,"column":6},"end":{"line":27,"column":null}},"9":{"start":{"line":27,"column":26},"end":{"line":27,"column":65}},"10":{"start":{"line":27,"column":49},"end":{"line":27,"column":64}},"11":{"start":{"line":31,"column":16},"end":{"line":31,"column":59}},"12":{"start":{"line":31,"column":31},"end":{"line":31,"column":44}},"13":{"start":{"line":33,"column":2},"end":{"line":53,"column":null}},"14":{"start":{"line":38,"column":10},"end":{"line":39,"column":null}},"15":{"start":{"line":57,"column":2},"end":{"line":57,"column":null}}},"fnMap":{"0":{"name":"(anonymous_0)","decl":{"start":{"line":17,"column":13},"end":{"line":17,"column":16}},"loc":{"start":{"line":17,"column":19},"end":{"line":17,"column":28}}},"1":{"name":"ToastProvider","decl":{"start":{"line":20,"column":16},"end":{"line":20,"column":29}},"loc":{"start":{"line":20,"column":61},"end":{"line":54,"column":1}}},"2":{"name":"(anonymous_2)","decl":{"start":{"line":23,"column":32},"end":{"line":23,"column":33}},"loc":{"start":{"line":23,"column":78},"end":{"line":29,"column":3}}},"3":{"name":"(anonymous_3)","decl":{"start":{"line":25,"column":14},"end":{"line":25,"column":15}},"loc":{"start":{"line":25,"column":24},"end":{"line":25,"column":56}}},"4":{"name":"(anonymous_4)","decl":{"start":{"line":26,"column":22},"end":{"line":26,"column":25}},"loc":{"start":{"line":26,"column":27},"end":{"line":28,"column":5}}},"5":{"name":"(anonymous_5)","decl":{"start":{"line":27,"column":16},"end":{"line":27,"column":17}},"loc":{"start":{"line":27,"column":26},"end":{"line":27,"column":65}}},"6":{"name":"(anonymous_6)","decl":{"start":{"line":27,"column":38},"end":{"line":27,"column":39}},"loc":{"start":{"line":27,"column":49},"end":{"line":27,"column":64}}},"7":{"name":"(anonymous_7)","decl":{"start":{"line":31,"column":24},"end":{"line":31,"column":27}},"loc":{"start":{"line":31,"column":31},"end":{"line":31,"column":44}}},"8":{"name":"(anonymous_8)","decl":{"start":{"line":37,"column":20},"end":{"line":37,"column":21}},"loc":{"start":{"line":38,"column":10},"end":{"line":39,"column":null}}},"9":{"name":"useToast","decl":{"start":{"line":56,"column":16},"end":{"line":56,"column":24}},"loc":{"start":{"line":56,"column":24},"end":{"line":58,"column":1}}}},"branchMap":{"0":{"loc":{"start":{"line":23,"column":50},"end":{"line":23,"column":74}},"type":"default-arg","locations":[{"start":{"line":23,"column":68},"end":{"line":23,"column":74}}]},"1":{"loc":{"start":{"line":41,"column":14},"end":{"line":45,"column":null}},"type":"cond-expr","locations":[{"start":{"line":42,"column":18},"end":{"line":42,"column":101}},{"start":{"line":43,"column":18},"end":{"line":45,"column":null}}]},"2":{"loc":{"start":{"line":43,"column":18},"end":{"line":45,"column":null}},"type":"cond-expr","locations":[{"start":{"line":44,"column":20},"end":{"line":44,"column":66}},{"start":{"line":45,"column":20},"end":{"line":45,"column":null}}]}},"s":{"0":18,"1":21,"2":3,"3":3,"4":1,"5":1,"6":1,"7":1,"8":0,"9":0,"10":0,"11":3,"12":2,"13":3,"14":1,"15":806},"f":{"0":21,"1":3,"2":1,"3":1,"4":0,"5":0,"6":0,"7":2,"8":1,"9":806},"b":{"0":[0],"1":[1,0],"2":[0,0]}}
}
