TN:
SF:src/App.tsx
FN:5,App
FNF:1
FNH:1
FNDA:1,App
DA:6,1
LF:1
LH:1
BRF:0
BRH:0
end_of_record
TN:
SF:src/api/client.ts
FN:10,(anonymous_0)
FN:19,setApiUnauthorizedHandler
FN:23,getBaseUrl
FN:32,normalizePath
FN:37,apiFetch
FNF:5
FNH:5
FNDA:13,(anonymous_0)
FNDA:115,setApiUnauthorizedHandler
FNDA:106,getBaseUrl
FNDA:106,normalizePath
FNDA:106,apiFetch
DA:11,13
DA:12,13
DA:13,13
DA:20,115
DA:24,106
DA:25,106
DA:27,98
DA:29,98
DA:33,106
DA:34,106
DA:38,106
DA:39,106
DA:42,106
DA:43,106
DA:44,87
DA:47,106
DA:48,106
DA:49,9
DA:50,9
DA:53,106
DA:59,106
DA:60,106
DA:62,106
DA:63,105
DA:64,105
DA:65,12
DA:66,12
DA:67,12
DA:68,4
DA:70,12
DA:72,93
DA:75,1
DA:76,1
DA:77,0
DA:79,1
DA:82,0
LF:36
LH:34
BRDA:25,0,0,8
BRDA:25,0,1,98
BRDA:29,1,0,98
BRDA:29,1,1,98
BRDA:33,2,0,0
BRDA:33,2,1,106
BRDA:37,3,0,79
BRDA:43,4,0,87
BRDA:43,4,1,19
BRDA:48,5,0,9
BRDA:48,5,1,97
BRDA:48,6,0,106
BRDA:48,6,1,9
BRDA:59,7,0,106
BRDA:59,7,1,0
BRDA:62,8,0,105
BRDA:62,8,1,1
BRDA:64,9,0,12
BRDA:64,9,1,93
BRDA:66,10,0,12
BRDA:66,10,1,0
BRDA:66,10,2,0
BRDA:67,11,0,4
BRDA:67,11,1,8
BRDA:75,12,0,1
BRDA:75,12,1,0
BRDA:76,13,0,0
BRDA:76,13,1,1
BRF:28
BRH:22
end_of_record
TN:
SF:src/auth/AuthContext.tsx
FN:23,AuthProvider
FN:24,(anonymous_1)
FN:27,(anonymous_2)
FN:31,(anonymous_3)
FN:36,(anonymous_4)
FN:42,(anonymous_5)
FN:45,(anonymous_6)
FN:50,(anonymous_7)
FN:57,(anonymous_8)
FN:61,(anonymous_9)
FN:63,(anonymous_10)
FN:69,(anonymous_11)
FNF:12
FNH:12
FNDA:101,AuthProvider
FNDA:53,(anonymous_1)
FNDA:2,(anonymous_2)
FNDA:3,(anonymous_3)
FNDA:8,(anonymous_4)
FNDA:53,(anonymous_5)
FNDA:53,(anonymous_6)
FNDA:62,(anonymous_7)
FNDA:44,(anonymous_8)
FNDA:1,(anonymous_9)
FNDA:45,(anonymous_10)
FNDA:101,(anonymous_11)
DA:21,16
DA:24,101
DA:25,101
DA:27,101
DA:28,2
DA:31,101
DA:32,3
DA:33,3
DA:36,101
DA:37,8
DA:38,8
DA:39,8
DA:42,101
DA:43,53
DA:45,53
DA:46,53
DA:50,101
DA:51,62
DA:52,17
DA:55,45
DA:56,45
DA:58,44
DA:59,44
DA:61,1
DA:63,45
DA:64,45
DA:68,101
DA:69,101
DA:73,101
LF:29
LH:29
BRDA:51,0,0,17
BRDA:51,0,1,45
BRDA:58,1,0,0
BRDA:58,1,1,44
BRF:4
BRH:3
end_of_record
TN:
SF:src/auth/IdleTimerProvider.tsx
FN:17,IdleTimerProvider
FN:28,(anonymous_1)
FN:33,(anonymous_2)
FN:40,(anonymous_3)
FN:45,(anonymous_4)
FN:49,(anonymous_5)
FN:50,(anonymous_6)
FN:57,(anonymous_7)
FN:67,(anonymous_8)
FNF:9
FNH:8
FNDA:89,IdleTimerProvider
FNDA:89,(anonymous_1)
FNDA:198,(anonymous_2)
FNDA:198,(anonymous_3)
FNDA:2,(anonymous_4)
FNDA:0,(anonymous_5)
FNDA:2,(anonymous_6)
FNDA:198,(anonymous_7)
FNDA:89,(anonymous_8)
DA:7,15
DA:8,15
DA:9,15
DA:22,89
DA:23,89
DA:24,89
DA:25,89
DA:26,89
DA:28,89
DA:29,89
DA:31,89
DA:33,89
DA:34,198
DA:35,198
DA:36,44
DA:37,44
DA:40,89
DA:41,198
DA:42,155
DA:45,198
DA:46,2
DA:47,2
DA:48,2
DA:49,0
DA:51,2
DA:52,2
DA:57,89
DA:58,198
DA:59,198
DA:62,89
DA:63,89
DA:64,445
DA:67,89
DA:68,89
DA:69,89
DA:71,89
DA:72,445
DA:77,89
LF:38
LH:37
BRDA:19,0,0,89
BRDA:20,1,0,89
BRDA:29,2,0,0
BRDA:29,2,1,89
BRDA:35,3,0,154
BRDA:35,3,1,44
BRDA:41,4,0,155
BRDA:41,4,1,43
BRDA:46,5,0,0
BRDA:46,5,1,2
BRDA:68,6,0,89
BRDA:68,6,1,0
BRF:12
BRH:9
end_of_record
TN:
SF:src/auth/useAuth.ts
FN:5,useAuth
FNF:1
FNH:1
FNDA:410,useAuth
DA:6,410
DA:7,410
DA:8,0
DA:10,410
LF:4
LH:3
BRDA:7,0,0,0
BRDA:7,0,1,410
BRF:2
BRH:1
end_of_record
TN:
SF:src/components/DemoModePanel.tsx
FN:14,getDemoSeedSecret
FN:22,DemoModePanel
FN:24,(anonymous_2)
FN:28,(anonymous_3)
FN:31,onToggleDemoMode
FN:41,onGenerateDemoContent
FN:68,onClearDemoContent
FNF:7
FNH:6
FNDA:44,getDemoSeedSecret
FNDA:95,DemoModePanel
FNDA:44,(anonymous_2)
FNDA:44,(anonymous_3)
FNDA:1,onToggleDemoMode
FNDA:1,onGenerateDemoContent
FNDA:0,onClearDemoContent
DA:8,16
DA:15,44
DA:16,44
DA:18,43
DA:19,43
DA:23,95
DA:24,95
DA:25,95
DA:26,95
DA:28,95
DA:29,95
DA:32,1
DA:33,1
DA:34,1
DA:35,1
DA:37,0
DA:42,1
DA:43,0
DA:44,0
DA:47,1
DA:48,1
DA:49,1
DA:55,1
DA:56,1
DA:58,0
DA:59,0
DA:60,0
DA:62,0
DA:64,1
DA:69,0
DA:70,0
DA:71,0
DA:74,0
DA:75,0
DA:76,0
DA:82,0
DA:83,0
DA:85,0
DA:86,0
DA:87,0
DA:89,0
DA:91,0
DA:95,95
LF:43
LH:23
BRDA:16,0,0,1
BRDA:16,0,1,43
BRDA:19,1,0,43
BRDA:19,1,1,43
BRDA:34,2,0,1
BRDA:34,2,1,0
BRDA:42,3,0,0
BRDA:42,3,1,1
BRDA:58,4,0,0
BRDA:58,4,1,0
BRDA:59,5,0,0
BRDA:59,5,1,0
BRDA:69,6,0,0
BRDA:69,6,1,0
BRDA:85,7,0,0
BRDA:85,7,1,0
BRDA:86,8,0,0
BRDA:86,8,1,0
BRDA:99,9,0,3
BRDA:99,9,1,92
BRDA:100,10,0,3
BRDA:100,10,1,92
BRDA:104,11,0,3
BRDA:104,11,1,92
BRDA:106,12,0,3
BRDA:106,12,1,2
BRDA:107,13,0,1
BRDA:107,13,1,2
BRDA:114,14,0,3
BRDA:114,14,1,3
BRDA:117,15,0,0
BRDA:117,15,1,3
BRDA:119,16,0,0
BRDA:119,16,1,3
BRDA:120,17,0,1
BRDA:120,17,1,2
BRF:36
BRH:22
end_of_record
TN:
SF:src/components/HealthDemo.tsx
FN:7,HealthDemo
FN:10,(anonymous_1)
FN:13,(anonymous_2)
FN:14,(anonymous_3)
FN:19,(anonymous_4)
FN:25,(anonymous_5)
FNF:6
FNH:5
FNDA:2,HealthDemo
FNDA:1,(anonymous_1)
FNDA:1,(anonymous_2)
FNDA:1,(anonymous_3)
FNDA:0,(anonymous_4)
FNDA:1,(anonymous_5)
DA:8,2
DA:10,2
DA:11,1
DA:12,1
DA:13,1
DA:15,1
DA:16,1
DA:20,0
DA:21,0
DA:25,1
DA:26,1
DA:30,2
LF:12
LH:10
BRDA:15,0,0,1
BRDA:15,0,1,0
BRDA:20,1,0,0
BRDA:20,1,1,0
BRF:4
BRH:1
end_of_record
TN:
SF:src/components/SystemStatusCard.tsx
FN:10,SystemStatusCard
FN:14,onCheckStatus
FNF:2
FNH:1
FNDA:130,SystemStatusCard
FNDA:0,onCheckStatus
DA:11,130
DA:12,130
DA:15,0
DA:16,0
DA:17,0
DA:18,0
DA:19,0
DA:20,0
DA:21,0
DA:23,0
DA:25,0
DA:29,130
LF:12
LH:3
BRDA:19,0,0,0
BRDA:19,0,1,0
BRDA:20,1,0,0
BRDA:20,1,1,0
BRDA:20,2,0,0
BRDA:20,2,1,0
BRDA:40,3,0,0
BRDA:40,3,1,130
BRF:8
BRH:1
end_of_record
TN:
SF:src/components/TweetCard.tsx
FN:26,TweetCard
FN:39,onToggleLike
FN:44,(anonymous_2)
FN:56,(anonymous_3)
FN:64,onToggleRetweet
FN:87,onDeleteTweet
FN:113,onShare
FN:163,(anonymous_7)
FN:186,(anonymous_8)
FNF:9
FNH:7
FNDA:32,TweetCard
FNDA:3,onToggleLike
FNDA:3,(anonymous_2)
FNDA:1,(anonymous_3)
FNDA:3,onToggleRetweet
FNDA:1,onDeleteTweet
FNDA:0,onShare
FNDA:1,(anonymous_7)
FNDA:0,(anonymous_8)
DA:27,32
DA:28,32
DA:29,32
DA:30,32
DA:31,32
DA:32,32
DA:33,32
DA:34,32
DA:35,32
DA:36,32
DA:37,32
DA:40,3
DA:41,3
DA:42,3
DA:43,3
DA:44,3
DA:45,3
DA:47,3
DA:48,3
DA:49,2
DA:51,1
DA:53,2
DA:55,1
DA:56,1
DA:57,1
DA:58,1
DA:60,3
DA:65,3
DA:66,3
DA:67,3
DA:68,3
DA:69,3
DA:71,3
DA:72,3
DA:73,2
DA:75,1
DA:77,2
DA:79,1
DA:80,1
DA:81,1
DA:83,3
DA:88,1
DA:89,1
DA:90,1
DA:91,1
DA:92,1
DA:93,1
DA:94,1
DA:96,0
DA:97,0
DA:98,0
DA:99,0
DA:101,0
DA:102,0
DA:103,0
DA:104,0
DA:106,0
DA:107,0
DA:109,1
DA:114,0
DA:115,0
DA:116,0
DA:117,0
DA:118,0
DA:119,0
DA:124,0
DA:127,32
DA:129,32
DA:163,1
DA:187,0
LF:70
LH:52
BRDA:29,0,0,32
BRDA:29,0,1,9
BRDA:40,1,0,0
BRDA:40,1,1,3
BRDA:44,2,0,2
BRDA:44,2,1,1
BRDA:48,3,0,2
BRDA:48,3,1,1
BRDA:53,4,0,1
BRDA:53,4,1,1
BRDA:56,5,0,1
BRDA:56,5,1,0
BRDA:65,6,0,0
BRDA:65,6,1,3
BRDA:72,7,0,2
BRDA:72,7,1,1
BRDA:77,8,0,1
BRDA:77,8,1,1
BRDA:88,9,0,0
BRDA:88,9,1,1
BRDA:96,10,0,0
BRDA:96,10,1,0
BRDA:96,11,0,0
BRDA:96,11,1,0
BRDA:101,12,0,0
BRDA:101,12,1,0
BRDA:101,13,0,0
BRDA:101,13,1,0
BRDA:116,14,0,0
BRDA:116,14,1,0
BRDA:127,15,0,32
BRDA:127,15,1,15
BRDA:144,16,0,2
BRDA:144,16,1,30
BRDA:167,17,0,3
BRDA:167,17,1,29
BRDA:175,18,0,4
BRDA:175,18,1,28
BRDA:192,19,0,1
BRDA:192,19,1,31
BRDA:197,20,0,1
BRDA:197,20,1,31
BRDA:202,21,0,0
BRDA:202,21,1,32
BRF:44
BRH:29
end_of_record
TN:
SF:src/layout/AppShell.tsx
FN:11,AppShell
FN:18,onLogout
FN:31,onDemoSeeded
FN:54,(anonymous_3)
FN:62,(anonymous_4)
FN:70,(anonymous_5)
FN:78,(anonymous_6)
FN:105,(anonymous_7)
FN:110,(anonymous_8)
FN:117,(anonymous_9)
FNF:10
FNH:7
FNDA:91,AppShell
FNDA:2,onLogout
FNDA:0,onDemoSeeded
FNDA:91,(anonymous_3)
FNDA:91,(anonymous_4)
FNDA:91,(anonymous_5)
FNDA:91,(anonymous_6)
FNDA:273,(anonymous_7)
FNDA:0,(anonymous_8)
FNDA:0,(anonymous_9)
DA:12,91
DA:13,91
DA:14,91
DA:16,91
DA:19,2
DA:20,2
DA:21,2
DA:25,2
DA:26,2
DA:27,2
DA:32,0
DA:35,91
DA:55,91
DA:63,91
DA:71,91
DA:79,91
DA:106,273
DA:110,0
DA:118,0
LF:19
LH:16
BRDA:42,0,0,49
BRDA:42,0,1,42
BRDA:55,1,0,41
BRDA:55,1,1,50
BRDA:63,2,0,9
BRDA:63,2,1,82
BRDA:71,3,0,7
BRDA:71,3,1,84
BRDA:79,4,0,10
BRDA:79,4,1,81
BRDA:90,5,0,2
BRDA:90,5,1,89
BRF:12
BRH:12
end_of_record
TN:
SF:src/pages/DiscoverPage.tsx
FN:18,DiscoverPage
FN:25,(anonymous_1)
FN:27,onSearch
FN:65,(anonymous_3)
FN:80,(anonymous_4)
FN:95,(anonymous_5)
FNF:6
FNH:6
FNDA:13,DiscoverPage
FNDA:52,(anonymous_1)
FNDA:1,onSearch
FNDA:4,(anonymous_3)
FNDA:2,(anonymous_4)
FNDA:52,(anonymous_5)
DA:12,15
DA:19,13
DA:20,13
DA:21,13
DA:22,13
DA:23,13
DA:24,13
DA:25,52
DA:28,1
DA:29,1
DA:30,1
DA:31,0
DA:32,0
DA:33,0
DA:36,1
DA:37,1
DA:38,1
DA:39,1
DA:40,1
DA:41,1
DA:42,0
DA:45,0
DA:46,0
DA:48,1
DA:52,13
DA:65,4
DA:81,2
DA:96,52
LF:28
LH:22
BRDA:30,0,0,0
BRDA:30,0,1,1
BRDA:41,1,0,0
BRDA:41,1,1,1
BRDA:70,2,0,1
BRDA:70,2,1,12
BRDA:73,3,0,0
BRDA:73,3,1,13
BRDA:76,4,0,1
BRDA:76,4,1,12
BRF:10
BRH:7
end_of_record
TN:
SF:src/pages/HomeFeedPage.tsx
FN:26,normalizeFeedResponse
FN:30,(anonymous_1)
FN:44,(anonymous_2)
FN:47,HomeFeedPage
FN:53,loadPage
FN:61,(anonymous_5)
FN:73,(anonymous_6)
FN:77,(anonymous_7)
FN:78,onDemoSeeded
FN:82,(anonymous_9)
FN:112,(anonymous_10)
FN:121,(anonymous_11)
FN:131,(anonymous_12)
FN:147,(anonymous_13)
FN:152,(anonymous_14)
FN:153,(anonymous_15)
FN:153,(anonymous_16)
FNF:17
FNH:16
FNDA:25,normalizeFeedResponse
FNDA:11,(anonymous_1)
FNDA:11,(anonymous_2)
FNDA:46,HomeFeedPage
FNDA:25,loadPage
FNDA:1,(anonymous_5)
FNDA:23,(anonymous_6)
FNDA:23,(anonymous_7)
FNDA:0,onDemoSeeded
FNDA:23,(anonymous_9)
FNDA:1,(anonymous_10)
FNDA:1,(anonymous_11)
FNDA:78,(anonymous_12)
FNDA:14,(anonymous_13)
FNDA:1,(anonymous_14)
FNDA:1,(anonymous_15)
FNDA:1,(anonymous_16)
DA:10,15
DA:27,25
DA:29,25
DA:31,11
DA:32,11
DA:33,11
DA:35,11
DA:44,11
DA:48,46
DA:49,46
DA:50,46
DA:51,46
DA:54,25
DA:55,25
DA:56,25
DA:57,25
DA:58,25
DA:59,24
DA:61,1
DA:63,25
DA:65,0
DA:66,0
DA:69,25
DA:73,46
DA:74,23
DA:77,46
DA:79,0
DA:81,23
DA:82,23
DA:83,23
DA:87,46
DA:113,1
DA:122,1
DA:132,78
DA:148,14
DA:153,1
LF:36
LH:33
BRDA:27,0,0,24
BRDA:27,0,1,1
BRDA:27,1,0,1
BRDA:27,1,1,0
BRDA:31,2,0,11
BRDA:31,2,1,1
BRDA:32,3,0,0
BRDA:32,3,1,11
BRDA:32,4,0,11
BRDA:32,4,1,11
BRDA:33,5,0,0
BRDA:33,5,1,11
BRDA:33,6,0,11
BRDA:33,6,1,11
BRDA:39,7,0,11
BRDA:39,7,1,11
BRDA:39,7,2,11
BRDA:40,8,0,11
BRDA:40,8,1,11
BRDA:40,8,2,10
BRDA:41,9,0,11
BRDA:41,9,1,11
BRDA:41,9,2,11
BRDA:58,10,0,24
BRDA:58,10,1,1
BRDA:65,11,0,0
BRDA:65,11,1,0
BRDA:91,12,0,26
BRDA:91,12,1,20
BRDA:129,13,0,26
BRDA:129,13,1,20
BRDA:140,14,0,10
BRDA:140,14,1,36
BRDA:140,15,0,46
BRDA:140,15,1,20
BRF:35
BRH:30
end_of_record
TN:
SF:src/pages/LoginPage.tsx
FN:13,LoginPage
FN:22,onSubmit
FN:67,(anonymous_2)
FN:77,(anonymous_3)
FNF:4
FNH:4
FNDA:53,LoginPage
FNDA:3,onSubmit
FNDA:16,(anonymous_2)
FNDA:19,(anonymous_3)
DA:14,53
DA:15,53
DA:16,53
DA:17,53
DA:18,53
DA:19,53
DA:20,53
DA:23,3
DA:25,3
DA:26,3
DA:27,3
DA:28,3
DA:33,1
DA:34,1
DA:35,0
DA:36,0
DA:39,1
DA:40,1
DA:41,1
DA:42,1
DA:43,1
DA:45,2
DA:46,2
DA:47,2
DA:48,2
DA:50,0
DA:51,0
DA:53,3
DA:57,53
DA:68,16
DA:69,16
DA:78,19
DA:79,19
LF:33
LH:29
BRDA:33,0,0,1
BRDA:33,0,1,0
BRDA:34,1,0,0
BRDA:34,1,1,1
BRDA:45,2,0,2
BRDA:45,2,1,0
BRDA:45,3,0,2
BRDA:45,3,1,2
BRDA:82,4,0,2
BRDA:82,4,1,51
BRDA:88,5,0,3
BRDA:88,5,1,50
BRF:12
BRH:9
end_of_record
TN:
SF:src/pages/MyProfilePage.tsx
FN:17,MyProfilePage
FN:23,(anonymous_1)
FN:29,onSubmit
FN:65,(anonymous_3)
FN:67,(anonymous_4)
FN:73,(anonymous_5)
FNF:6
FNH:4
FNDA:24,MyProfilePage
FNDA:10,(anonymous_1)
FNDA:1,onSubmit
FNDA:0,(anonymous_3)
FNDA:12,(anonymous_4)
FNDA:0,(anonymous_5)
DA:18,24
DA:19,24
DA:20,24
DA:21,24
DA:23,24
DA:24,10
DA:25,10
DA:26,10
DA:30,1
DA:32,1
DA:41,1
DA:44,24
DA:65,0
DA:67,12
DA:73,0
LF:15
LH:13
BRDA:24,0,0,10
BRDA:24,0,1,4
BRDA:25,1,0,10
BRDA:25,1,1,9
BRDA:26,2,0,10
BRDA:26,2,1,10
BRDA:50,3,0,24
BRDA:50,3,1,4
BRDA:53,4,0,0
BRDA:53,4,1,24
BRDA:56,5,0,24
BRDA:56,5,1,4
BRDA:60,6,0,1
BRDA:60,6,1,23
BRF:14
BRH:13
end_of_record
TN:
SF:src/pages/NotFoundPage.tsx
FN:4,NotFoundPage
FNF:1
FNH:1
FNDA:1,NotFoundPage
DA:5,1
LF:1
LH:1
BRF:0
BRH:0
end_of_record
TN:
SF:src/pages/PostReplyPage.tsx
FN:11,PostReplyPage
FN:18,onSubmit
FN:47,(anonymous_2)
FNF:3
FNH:3
FNDA:19,PostReplyPage
FNDA:1,onSubmit
FNDA:16,(anonymous_2)
DA:9,15
DA:12,19
DA:13,19
DA:14,19
DA:15,19
DA:16,19
DA:19,1
DA:20,1
DA:22,1
DA:28,1
DA:31,19
DA:47,16
LF:12
LH:12
BRDA:13,0,0,0
BRDA:16,1,0,19
BRDA:16,1,1,16
BRDA:20,2,0,0
BRDA:20,2,1,1
BRDA:50,3,0,0
BRDA:50,3,1,19
BRF:7
BRH:4
end_of_record
TN:
SF:src/pages/PostTweetPage.tsx
FN:12,PostTweetPage
FN:20,(anonymous_1)
FN:22,onSubmit
FN:61,(anonymous_3)
FNF:4
FNH:4
FNDA:514,PostTweetPage
FNDA:510,(anonymous_1)
FNDA:2,onSubmit
FNDA:503,(anonymous_3)
DA:10,15
DA:13,514
DA:14,514
DA:15,514
DA:16,514
DA:17,514
DA:19,514
DA:20,514
DA:23,2
DA:24,2
DA:26,2
DA:27,2
DA:28,2
DA:29,2
DA:33,1
DA:34,1
DA:36,1
DA:37,1
DA:38,1
DA:39,1
DA:41,0
DA:42,0
DA:44,2
DA:48,514
DA:62,503
DA:63,503
LF:26
LH:24
BRDA:20,0,0,510
BRDA:20,0,1,503
BRDA:24,1,0,0
BRDA:24,1,1,2
BRDA:36,2,0,1
BRDA:36,2,1,0
BRDA:36,3,0,1
BRDA:36,3,1,1
BRDA:37,4,0,1
BRDA:37,4,1,0
BRDA:38,5,0,1
BRDA:38,5,1,0
BRDA:68,6,0,1
BRDA:68,6,1,513
BRDA:69,7,0,1
BRDA:69,7,1,513
BRDA:75,8,0,514
BRDA:75,8,1,506
BRDA:76,9,0,2
BRDA:76,9,1,512
BRF:20
BRH:16
end_of_record
TN:
SF:src/pages/RegisterPage.tsx
FN:12,RegisterPage
FN:21,onSubmit
FN:61,(anonymous_2)
FN:68,(anonymous_3)
FN:76,(anonymous_4)
FNF:5
FNH:5
FNDA:79,RegisterPage
FNDA:3,onSubmit
FNDA:15,(anonymous_2)
FNDA:27,(anonymous_3)
FNDA:27,(anonymous_4)
DA:13,79
DA:14,79
DA:15,79
DA:16,79
DA:17,79
DA:18,79
DA:19,79
DA:22,3
DA:24,3
DA:25,1
DA:26,1
DA:27,1
DA:28,1
DA:31,2
DA:32,2
DA:33,2
DA:37,1
DA:38,1
DA:39,1
DA:41,1
DA:42,1
DA:43,1
DA:44,1
DA:46,0
DA:47,0
DA:51,79
DA:61,15
DA:68,27
DA:76,27
LF:29
LH:27
BRDA:24,0,0,1
BRDA:24,0,1,2
BRDA:41,1,0,1
BRDA:41,1,1,0
BRDA:41,2,0,1
BRDA:41,2,1,1
BRDA:78,3,0,2
BRDA:78,3,1,77
BRDA:83,4,0,1
BRDA:83,4,1,78
BRF:10
BRH:9
end_of_record
TN:
SF:src/pages/RepliesPage.tsx
FN:9,RepliesPage
FN:29,(anonymous_1)
FNF:2
FNH:2
FNDA:4,RepliesPage
FNDA:3,(anonymous_1)
DA:10,4
DA:11,4
DA:13,4
DA:30,3
LF:4
LH:4
BRDA:10,0,0,0
BRDA:27,1,0,2
BRDA:27,1,1,2
BRF:3
BRH:2
end_of_record
TN:
SF:src/pages/UserProfilePage.tsx
FN:9,UserProfilePage
FN:16,onToggleFollow
FN:51,onToggleBlock
FNF:3
FNH:3
FNDA:20,UserProfilePage
FNDA:3,onToggleFollow
FNDA:3,onToggleBlock
DA:10,20
DA:11,20
DA:12,20
DA:13,20
DA:14,20
DA:17,3
DA:19,3
DA:20,3
DA:22,3
DA:23,3
DA:24,2
DA:26,1
DA:28,2
DA:29,2
DA:31,1
DA:32,1
DA:33,1
DA:34,1
DA:36,0
DA:37,0
DA:38,0
DA:39,0
DA:41,0
DA:42,0
DA:43,0
DA:44,0
DA:46,0
DA:47,0
DA:52,3
DA:54,3
DA:55,3
DA:57,3
DA:58,3
DA:59,2
DA:61,1
DA:63,2
DA:64,2
DA:65,1
DA:67,2
DA:69,1
DA:70,0
DA:71,0
DA:72,0
DA:74,1
DA:75,1
DA:76,1
DA:77,1
DA:79,0
DA:80,0
DA:84,20
LF:50
LH:35
BRDA:17,0,0,0
BRDA:17,0,1,3
BRDA:23,1,0,2
BRDA:23,1,1,1
BRDA:29,2,0,1
BRDA:29,2,1,1
BRDA:31,3,0,1
BRDA:31,3,1,0
BRDA:31,4,0,1
BRDA:31,4,1,1
BRDA:36,5,0,0
BRDA:36,5,1,0
BRDA:36,6,0,0
BRDA:36,6,1,0
BRDA:41,7,0,0
BRDA:41,7,1,0
BRDA:41,8,0,0
BRDA:41,8,1,0
BRDA:42,9,0,0
BRDA:42,9,1,0
BRDA:43,10,0,0
BRDA:43,10,1,0
BRDA:52,11,0,0
BRDA:52,11,1,3
BRDA:58,12,0,2
BRDA:58,12,1,1
BRDA:64,13,0,1
BRDA:64,13,1,1
BRDA:67,14,0,1
BRDA:67,14,1,1
BRDA:69,15,0,0
BRDA:69,15,1,1
BRDA:69,16,0,1
BRDA:69,16,1,1
BRDA:74,17,0,1
BRDA:74,17,1,0
BRDA:74,18,0,1
BRDA:74,18,1,1
BRDA:90,19,0,2
BRDA:90,19,1,18
BRDA:95,20,0,18
BRDA:95,20,1,2
BRDA:97,21,0,2
BRDA:97,21,1,16
BRDA:102,22,0,2
BRDA:102,22,1,18
BRDA:106,23,0,4
BRDA:106,23,1,16
BRF:48
BRH:31
end_of_record
TN:
SF:src/routes/ProtectedRoute.tsx
FN:4,ProtectedRoute
FNF:1
FNH:1
FNDA:87,ProtectedRoute
DA:5,87
DA:7,87
DA:8,7
DA:11,80
LF:4
LH:4
BRDA:7,0,0,7
BRDA:7,0,1,80
BRF:2
BRH:2
end_of_record
TN:
SF:src/routes/Router.tsx
FN:17,AppRoutes
FN:45,AppRouter
FNF:2
FNH:2
FNDA:51,AppRoutes
FNDA:1,AppRouter
DA:18,51
DA:46,1
LF:2
LH:2
BRF:0
BRH:0
end_of_record
TN:
SF:src/storage/repliesStore.ts
FN:12,readStore
FN:23,writeStore
FN:27,getReplies
FN:32,addReply
FNF:4
FNH:4
FNDA:13,readStore
FNDA:6,writeStore
FNDA:7,getReplies
FNDA:6,addReply
DA:1,16
DA:13,13
DA:14,13
DA:16,7
DA:17,7
DA:19,0
DA:24,6
DA:28,7
DA:29,7
DA:33,6
DA:34,6
DA:35,6
DA:36,6
LF:13
LH:12
BRDA:14,0,0,6
BRDA:14,0,1,7
BRDA:29,1,0,7
BRDA:29,1,1,2
BRDA:34,2,0,6
BRDA:34,2,1,5
BRF:6
BRH:6
end_of_record
TN:
SF:src/storage/token.ts
FN:3,getToken
FN:7,setToken
FN:11,clearToken
FNF:3
FNH:3
FNDA:165,getToken
FNDA:6,setToken
FNDA:18,clearToken
DA:1,21
DA:4,165
DA:8,6
DA:12,18
LF:4
LH:4
BRF:0
BRH:0
end_of_record
TN:
SF:src/test/server.ts
FN:5,(anonymous_0)
FN:8,(anonymous_1)
FNF:2
FNH:2
FNDA:38,(anonymous_0)
FNDA:13,(anonymous_1)
DA:4,23
DA:6,38
DA:9,13
LF:3
LH:3
BRF:0
BRH:0
end_of_record
TN:
SF:src/ui/Avatar.tsx
FN:8,initialsFor
FN:14,Avatar
FNF:2
FNH:2
FNDA:381,initialsFor
FNDA:381,Avatar
DA:9,381
DA:10,381
DA:11,381
DA:15,381
LF:4
LH:4
BRDA:10,0,0,0
BRDA:10,0,1,381
BRDA:14,1,0,56
BRDA:20,2,0,325
BRDA:20,2,1,56
BRF:5
BRH:4
end_of_record
TN:
SF:src/ui/Button.tsx
FN:13,Button
FNF:1
FNH:1
FNDA:1327,Button
DA:14,1327
LF:1
LH:1
BRDA:13,0,0,547
BRDA:13,1,0,700
BRDA:19,2,0,627
BRDA:19,2,1,700
BRDA:20,3,0,1327
BRDA:20,3,1,671
BRDA:22,4,0,1327
BRDA:22,4,1,639
BRDA:24,5,0,1327
BRDA:24,5,1,0
BRDA:25,6,0,1327
BRDA:25,6,1,17
BRF:12
BRH:11
end_of_record
TN:
SF:src/ui/Card.tsx
FN:10,Card
FNF:1
FNH:1
FNDA:1393,Card
DA:11,1393
DA:12,1393
LF:2
LH:2
BRDA:11,0,0,1393
BRDA:11,0,1,616
BRF:2
BRH:2
end_of_record
TN:
SF:src/ui/IconButton.tsx
FN:11,IconButton
FNF:1
FNH:1
FNDA:130,IconButton
DA:12,130
LF:1
LH:1
BRDA:11,0,0,66
BRDA:17,1,0,7
BRDA:17,1,1,123
BRDA:23,2,0,130
BRDA:23,2,1,7
BRDA:26,3,0,32
BRDA:26,3,1,98
BRF:7
BRH:7
end_of_record
TN:
SF:src/ui/TextField.tsx
FN:9,TextField
FNF:1
FNH:1
FNDA:422,TextField
DA:10,422
LF:1
LH:1
BRF:0
BRH:0
end_of_record
TN:
SF:src/ui/cn.ts
FN:1,cn
FNF:1
FNH:1
FNDA:3783,cn
DA:2,3783
LF:1
LH:1
BRF:0
BRH:0
end_of_record
TN:
SF:src/ui/icons.tsx
FN:5,BaseIcon
FN:13,ThumbUpIcon
FN:22,CommentIcon
FN:30,RepeatIcon
FN:41,ShareIcon
FN:53,TrashIcon
FN:65,SearchIcon
FNF:7
FNH:6
FNDA:134,BaseIcon
FNDA:32,ThumbUpIcon
FNDA:36,CommentIcon
FNDA:32,RepeatIcon
FNDA:32,ShareIcon
FNDA:2,TrashIcon
FNDA:0,SearchIcon
DA:6,134
DA:14,32
DA:23,36
DA:31,32
DA:42,32
DA:54,2
DA:66,0
LF:7
LH:6
BRF:0
BRH:0
end_of_record
TN:
SF:src/ui/toast.tsx
FN:17,(anonymous_0)
FN:20,ToastProvider
FN:23,(anonymous_2)
FN:25,(anonymous_3)
FN:26,(anonymous_4)
FN:27,(anonymous_5)
FN:27,(anonymous_6)
FN:31,(anonymous_7)
FN:37,(anonymous_8)
FN:56,useToast
FNF:10
FNH:7
FNDA:21,(anonymous_0)
FNDA:3,ToastProvider
FNDA:1,(anonymous_2)
FNDA:1,(anonymous_3)
FNDA:0,(anonymous_4)
FNDA:0,(anonymous_5)
FNDA:0,(anonymous_6)
FNDA:2,(anonymous_7)
FNDA:1,(anonymous_8)
FNDA:806,useToast
DA:16,18
DA:17,21
DA:21,3
DA:23,3
DA:24,1
DA:25,1
DA:26,1
DA:27,0
DA:31,3
DA:33,3
DA:38,1
DA:57,806
LF:12
LH:11
BRDA:23,0,0,0
BRDA:41,1,0,1
BRDA:41,1,1,0
BRDA:43,2,0,0
BRDA:43,2,1,0
BRF:5
BRH:1
end_of_record
